{
  "stats": {
    "suites": 6,
    "tests": 20,
    "passes": 20,
    "pending": 0,
    "failures": 0,
    "testsRegistered": 20,
    "passPercent": 100,
    "pendingPercent": 0,
    "other": 0,
    "hasOther": false,
    "skipped": 0,
    "hasSkipped": false,
    "start": "2023-10-29T09:15:46.815Z",
    "end": "2023-10-29T09:16:32.896Z",
    "duration": 46081
  },
  "results": [
    {
      "uuid": "b33bec64-d40b-4805-a241-76c18b0cc836",
      "title": "",
      "fullFile": "cypress\\e2e\\spec.cy.ts",
      "file": "cypress\\e2e\\spec.cy.ts",
      "beforeHooks": [],
      "afterHooks": [],
      "tests": [],
      "suites": [
        {
          "uuid": "c821643a-b4e2-4754-9d17-3b3612f07e54",
          "title": "Open tabs",
          "fullFile": "",
          "file": "",
          "beforeHooks": [],
          "afterHooks": [],
          "tests": [
            {
              "title": "Should open Layout -> Accordion",
              "fullTitle": "Open tabs Should open Layout -> Accordion",
              "timedOut": null,
              "duration": 1864,
              "state": "passed",
              "speed": "fast",
              "pass": true,
              "fail": false,
              "pending": false,
              "context": null,
              "code": "cy.contains(\"span.menu-title\", \"Layout\").click();\ncy.contains(\"span.menu-title\", \"Accordion\").click();",
              "err": {},
              "uuid": "61c4c2fd-4ac0-4a98-8f7f-cd52c3f8c5ad",
              "parentUUID": "c821643a-b4e2-4754-9d17-3b3612f07e54",
              "isHook": false,
              "skipped": false
            },
            {
              "title": "Should open Forms -> Form Layouts",
              "fullTitle": "Open tabs Should open Forms -> Form Layouts",
              "timedOut": null,
              "duration": 1026,
              "state": "passed",
              "speed": "fast",
              "pass": true,
              "fail": false,
              "pending": false,
              "context": null,
              "code": "cy.contains(\"span.menu-title\", \"Forms\").click();\ncy.contains(\"span.menu-title\", \"Form Layouts\").click();",
              "err": {},
              "uuid": "3928aab1-16df-46d8-a6a4-e7dd01b587de",
              "parentUUID": "c821643a-b4e2-4754-9d17-3b3612f07e54",
              "isHook": false,
              "skipped": false
            },
            {
              "title": "Should show popover",
              "fullTitle": "Open tabs Should show popover",
              "timedOut": null,
              "duration": 1680,
              "state": "passed",
              "speed": "fast",
              "pass": true,
              "fail": false,
              "pending": false,
              "context": null,
              "code": "cy.contains(\"span.menu-title\", \"Modal & Overlays\").click();\ncy.contains(\"span.menu-title\", \"Popover\").click();\ncy.contains(\"Bottom\").trigger(\"mouseenter\");\ncy.contains(\".primitive-overlay\", \"Hello, how are you today?\").should(\"be.visible\");",
              "err": {},
              "uuid": "f4e51aec-b149-462c-965f-fae93cbb0e16",
              "parentUUID": "c821643a-b4e2-4754-9d17-3b3612f07e54",
              "isHook": false,
              "skipped": false
            }
          ],
          "suites": [],
          "passes": [
            "61c4c2fd-4ac0-4a98-8f7f-cd52c3f8c5ad",
            "3928aab1-16df-46d8-a6a4-e7dd01b587de",
            "f4e51aec-b149-462c-965f-fae93cbb0e16"
          ],
          "failures": [],
          "pending": [],
          "skipped": [],
          "duration": 4570,
          "root": false,
          "rootEmpty": false,
          "_timeout": 2000
        }
      ],
      "passes": [],
      "failures": [],
      "pending": [],
      "skipped": [],
      "duration": 0,
      "root": true,
      "rootEmpty": true,
      "_timeout": 2000
    },
    {
      "uuid": "ff463115-0424-4cb1-9750-046ccf6ccd1f",
      "title": "",
      "fullFile": "cypress\\e2e\\page-object-tests\\datepicker-test.cy.js",
      "file": "cypress\\e2e\\page-object-tests\\datepicker-test.cy.js",
      "beforeHooks": [],
      "afterHooks": [],
      "tests": [],
      "suites": [
        {
          "uuid": "a4249644-9941-4c65-a644-f3c1bf23e788",
          "title": "Datepicker Tests",
          "fullFile": "",
          "file": "",
          "beforeHooks": [],
          "afterHooks": [],
          "tests": [
            {
              "title": "should open and select today from the datepicker",
              "fullTitle": "Datepicker Tests should open and select today from the datepicker",
              "timedOut": null,
              "duration": 1824,
              "state": "passed",
              "speed": "fast",
              "pass": true,
              "fail": false,
              "pending": false,
              "context": null,
              "code": "const moment = __webpack_require__(/*! moment */ \"./node_modules/moment/moment.js\");\nconst currentDate = moment().format('MMM D, YYYY');\ncy.visit('/');\n_DatePickerPage.default.selectFormsMenu();\n_DatePickerPage.default.selectDatepickerMenuItem();\n_DatePickerPage.default.openCalendar();\n_DatePickerPage.default.selectToday();\n// Check if the selected date is displayed in a specific field\ncy.get('input[placeholder=\"Form Picker\"]').should('have.value', currentDate);",
              "err": {},
              "uuid": "cfd0062a-5e7e-4f2e-abcc-561656a7ba17",
              "parentUUID": "a4249644-9941-4c65-a644-f3c1bf23e788",
              "isHook": false,
              "skipped": false
            }
          ],
          "suites": [],
          "passes": [
            "cfd0062a-5e7e-4f2e-abcc-561656a7ba17"
          ],
          "failures": [],
          "pending": [],
          "skipped": [],
          "duration": 1824,
          "root": false,
          "rootEmpty": false,
          "_timeout": 2000
        }
      ],
      "passes": [],
      "failures": [],
      "pending": [],
      "skipped": [],
      "duration": 0,
      "root": true,
      "rootEmpty": true,
      "_timeout": 2000
    },
    {
      "uuid": "fa38b0dd-6cf8-434b-bed4-b881a3416cd5",
      "title": "",
      "fullFile": "cypress\\e2e\\page-object-tests\\forgot-password-tests.cy.js",
      "file": "cypress\\e2e\\page-object-tests\\forgot-password-tests.cy.js",
      "beforeHooks": [],
      "afterHooks": [],
      "tests": [],
      "suites": [
        {
          "uuid": "05624fbf-b816-40da-94a6-2f2d28f69ca7",
          "title": "Authentication Tests",
          "fullFile": "",
          "file": "",
          "beforeHooks": [],
          "afterHooks": [],
          "tests": [
            {
              "title": "should check REquest password enabled with valid email",
              "fullTitle": "Authentication Tests should check REquest password enabled with valid email",
              "timedOut": null,
              "duration": 2528,
              "state": "passed",
              "speed": "fast",
              "pass": true,
              "fail": false,
              "pending": false,
              "context": null,
              "code": "_AuthPage.default.enterEmail('email@example.com');\n_AuthPage.default.checkLoginButtonEnabled();",
              "err": {},
              "uuid": "3e8a926d-c722-4b3a-b639-cde3532ce56e",
              "parentUUID": "05624fbf-b816-40da-94a6-2f2d28f69ca7",
              "isHook": false,
              "skipped": false
            },
            {
              "title": "should check REquest password disbled and validation message with invalid email",
              "fullTitle": "Authentication Tests should check REquest password disbled and validation message with invalid email",
              "timedOut": null,
              "duration": 911,
              "state": "passed",
              "speed": "fast",
              "pass": true,
              "fail": false,
              "pending": false,
              "context": null,
              "code": "_AuthPage.default.enterEmail('e');\ncy.get('#title').click(); // Just click somwhere to show password validation message\n// Check if validation error messages are visible\ncy.contains('Email should be the real one!').should('be.visible');\n_AuthPage.default.checkLoginButtonDisabled();",
              "err": {},
              "uuid": "53217528-9594-4c55-90c3-638e767367f9",
              "parentUUID": "05624fbf-b816-40da-94a6-2f2d28f69ca7",
              "isHook": false,
              "skipped": false
            },
            {
              "title": "should navigate to Login page when clicking \"Back to Log In\" link",
              "fullTitle": "Authentication Tests should navigate to Login page when clicking \"Back to Log In\" link",
              "timedOut": null,
              "duration": 634,
              "state": "passed",
              "speed": "fast",
              "pass": true,
              "fail": false,
              "pending": false,
              "context": null,
              "code": "_AuthPage.default.clickBackToLogin();\n// Check if the URL is now '/auth/login'\ncy.url().should('include', '/auth/login');",
              "err": {},
              "uuid": "0c2f9bf2-c273-444c-b8c4-3cf6e241d67d",
              "parentUUID": "05624fbf-b816-40da-94a6-2f2d28f69ca7",
              "isHook": false,
              "skipped": false
            },
            {
              "title": "should navigate to Register page when clicking \"Register\" link",
              "fullTitle": "Authentication Tests should navigate to Register page when clicking \"Register\" link",
              "timedOut": null,
              "duration": 637,
              "state": "passed",
              "speed": "fast",
              "pass": true,
              "fail": false,
              "pending": false,
              "context": null,
              "code": "_AuthPage.default.clickRegister();\n// Check if the URL is now '/auth/register'\ncy.url().should('include', '/auth/register');",
              "err": {},
              "uuid": "64938bbd-ccf8-4cb2-b21a-3904663e2221",
              "parentUUID": "05624fbf-b816-40da-94a6-2f2d28f69ca7",
              "isHook": false,
              "skipped": false
            }
          ],
          "suites": [],
          "passes": [
            "3e8a926d-c722-4b3a-b639-cde3532ce56e",
            "53217528-9594-4c55-90c3-638e767367f9",
            "0c2f9bf2-c273-444c-b8c4-3cf6e241d67d",
            "64938bbd-ccf8-4cb2-b21a-3904663e2221"
          ],
          "failures": [],
          "pending": [],
          "skipped": [],
          "duration": 4710,
          "root": false,
          "rootEmpty": false,
          "_timeout": 2000
        }
      ],
      "passes": [],
      "failures": [],
      "pending": [],
      "skipped": [],
      "duration": 0,
      "root": true,
      "rootEmpty": true,
      "_timeout": 2000
    },
    {
      "uuid": "5b67a9b8-03a2-47da-ae77-0da0fc780799",
      "title": "",
      "fullFile": "cypress\\e2e\\page-object-tests\\login-page-tests.cy.js",
      "file": "cypress\\e2e\\page-object-tests\\login-page-tests.cy.js",
      "beforeHooks": [],
      "afterHooks": [],
      "tests": [],
      "suites": [
        {
          "uuid": "860f41dd-0b53-4821-8835-9d173cd85be9",
          "title": "Authentication Tests",
          "fullFile": "",
          "file": "",
          "beforeHooks": [],
          "afterHooks": [],
          "tests": [
            {
              "title": "should login successfully",
              "fullTitle": "Authentication Tests should login successfully",
              "timedOut": null,
              "duration": 5453,
              "state": "passed",
              "speed": "medium",
              "pass": true,
              "fail": false,
              "pending": false,
              "context": null,
              "code": "_AuthPage.default.enterEmail('email@example.com');\n_AuthPage.default.enterPassword('password');\n_AuthPage.default.clickLoginButton();\n// Check if the avatar is visible\n_AuthPage.default.checkAvatarVisibility();",
              "err": {},
              "uuid": "7827401e-84ad-49c0-b758-1ac8a44efb3b",
              "parentUUID": "860f41dd-0b53-4821-8835-9d173cd85be9",
              "isHook": false,
              "skipped": false
            },
            {
              "title": "should validate email and password fields with invalid data",
              "fullTitle": "Authentication Tests should validate email and password fields with invalid data",
              "timedOut": null,
              "duration": 1165,
              "state": "passed",
              "speed": "fast",
              "pass": true,
              "fail": false,
              "pending": false,
              "context": null,
              "code": "_AuthPage.default.enterEmail('q');\n_AuthPage.default.enterPassword('1');\ncy.get('#title').click(); // Just click somwhere to show password validation message\n// Check if validation error messages are visible\ncy.contains('Email should be the real one!').should('be.visible');\ncy.contains('Password should contain from 4 to 50 characters').should('be.visible');\n_AuthPage.default.checkLoginButtonDisabled();",
              "err": {},
              "uuid": "aa7ceca9-e273-4f1c-84bc-bb0cd7cae6d4",
              "parentUUID": "860f41dd-0b53-4821-8835-9d173cd85be9",
              "isHook": false,
              "skipped": false
            },
            {
              "title": "should validate empty email, password, and repeat password fields",
              "fullTitle": "Authentication Tests should validate empty email, password, and repeat password fields",
              "timedOut": null,
              "duration": 914,
              "state": "passed",
              "speed": "fast",
              "pass": true,
              "fail": false,
              "pending": false,
              "context": null,
              "code": "_AuthPage.default.emptyEmailInput();\n_AuthPage.default.emptyPasswordInput();\ncy.get('#title').click(); // Just click somewhere to show validation messages\n// Check if validation error messages are visible\ncy.contains('Email is required!').should('be.visible');\ncy.contains('Password is required!').should('be.visible');\n_AuthPage.default.checkLoginButtonDisabled();",
              "err": {},
              "uuid": "dc415324-3a75-478a-860c-6611f2afa22e",
              "parentUUID": "860f41dd-0b53-4821-8835-9d173cd85be9",
              "isHook": false,
              "skipped": false
            },
            {
              "title": "should disable the Login button by default",
              "fullTitle": "Authentication Tests should disable the Login button by default",
              "timedOut": null,
              "duration": 538,
              "state": "passed",
              "speed": "fast",
              "pass": true,
              "fail": false,
              "pending": false,
              "context": null,
              "code": "_AuthPage.default.checkLoginButtonDisabled();",
              "err": {},
              "uuid": "32e5cf6f-7358-4df8-bd7f-9adb69e0fdd5",
              "parentUUID": "860f41dd-0b53-4821-8835-9d173cd85be9",
              "isHook": false,
              "skipped": false
            }
          ],
          "suites": [],
          "passes": [
            "7827401e-84ad-49c0-b758-1ac8a44efb3b",
            "aa7ceca9-e273-4f1c-84bc-bb0cd7cae6d4",
            "dc415324-3a75-478a-860c-6611f2afa22e",
            "32e5cf6f-7358-4df8-bd7f-9adb69e0fdd5"
          ],
          "failures": [],
          "pending": [],
          "skipped": [],
          "duration": 8070,
          "root": false,
          "rootEmpty": false,
          "_timeout": 2000
        }
      ],
      "passes": [],
      "failures": [],
      "pending": [],
      "skipped": [],
      "duration": 0,
      "root": true,
      "rootEmpty": true,
      "_timeout": 2000
    },
    {
      "uuid": "4de633eb-b042-491f-8aec-755adf3e06fe",
      "title": "",
      "fullFile": "cypress\\e2e\\page-object-tests\\register-page-tests.cy.js",
      "file": "cypress\\e2e\\page-object-tests\\register-page-tests.cy.js",
      "beforeHooks": [],
      "afterHooks": [],
      "tests": [],
      "suites": [
        {
          "uuid": "c45a0773-4985-47d9-933f-26ddc5159f0f",
          "title": "Authentication Tests",
          "fullFile": "",
          "file": "",
          "beforeHooks": [],
          "afterHooks": [],
          "tests": [
            {
              "title": "should register successfully",
              "fullTitle": "Authentication Tests should register successfully",
              "timedOut": null,
              "duration": 6200,
              "state": "passed",
              "speed": "medium",
              "pass": true,
              "fail": false,
              "pending": false,
              "context": null,
              "code": "_AuthPage.default.enterFullName('Dmytro');\n_AuthPage.default.enterEmail('email@example.com');\n_AuthPage.default.enterPassword('password');\n_AuthPage.default.enterRepeatPassword('password');\n_AuthPage.default.checkAgreeWithTerms();\n_AuthPage.default.clickLoginButton();\n_AuthPage.default.checkAvatarVisibility();",
              "err": {},
              "uuid": "8cba4f99-6e5c-4fcd-b6c0-f2cb78d5aa9c",
              "parentUUID": "c45a0773-4985-47d9-933f-26ddc5159f0f",
              "isHook": false,
              "skipped": false
            },
            {
              "title": "should validate all fields with invalid data",
              "fullTitle": "Authentication Tests should validate all fields with invalid data",
              "timedOut": null,
              "duration": 1968,
              "state": "passed",
              "speed": "fast",
              "pass": true,
              "fail": false,
              "pending": false,
              "context": null,
              "code": "_AuthPage.default.enterFullName('D');\n// Check if validation error messages are visible\ncy.contains('Full name should contains from 4 to 50 characters').should('be.visible');\n_AuthPage.default.enterEmail('q');\n_AuthPage.default.enterPassword('1');\ncy.get('#title').click(); // Just click somwhere to show password validation message\n// Check if validation error messages are visible\ncy.contains('Email should be the real one!').should('be.visible');\ncy.contains('Password should contain from 4 to 50 characters').should('be.visible');\n_AuthPage.default.enterRepeatPassword('123456789');\n// Check if border is red (Можна для кожної рамки таке напихати, але суть та сама)\ncy.get('#input-re-password').should('have.class', 'status-danger');",
              "err": {},
              "uuid": "e1d6196c-2a99-4707-8701-164d66d7c917",
              "parentUUID": "c45a0773-4985-47d9-933f-26ddc5159f0f",
              "isHook": false,
              "skipped": false
            },
            {
              "title": "should validate empty email, password, and repeat password fields",
              "fullTitle": "Authentication Tests should validate empty email, password, and repeat password fields",
              "timedOut": null,
              "duration": 1035,
              "state": "passed",
              "speed": "fast",
              "pass": true,
              "fail": false,
              "pending": false,
              "context": null,
              "code": "_AuthPage.default.emptyEmailInput();\n_AuthPage.default.emptyPasswordInput();\n_AuthPage.default.emptyRepeatPasswordInput();\ncy.get('#title').click(); // Just click somewhere to show validation messages\ncy.contains('Email is required!').should('be.visible');\ncy.contains('Password is required!').should('be.visible');\ncy.contains('Password confirmation is required!').should('be.visible');",
              "err": {},
              "uuid": "07a97091-f7f5-4153-90f9-fbe560a3873f",
              "parentUUID": "c45a0773-4985-47d9-933f-26ddc5159f0f",
              "isHook": false,
              "skipped": false
            },
            {
              "title": "should disable the Register button without agreement",
              "fullTitle": "Authentication Tests should disable the Register button without agreement",
              "timedOut": null,
              "duration": 1649,
              "state": "passed",
              "speed": "fast",
              "pass": true,
              "fail": false,
              "pending": false,
              "context": null,
              "code": "_AuthPage.default.enterFullName('Dmytro');\n_AuthPage.default.enterEmail('email@example.com');\n_AuthPage.default.enterPassword('password');\n_AuthPage.default.enterRepeatPassword('password');\n_AuthPage.default.checkLoginButtonDisabled();",
              "err": {},
              "uuid": "8bccef38-9098-4984-bb28-5fc65a3fe4f0",
              "parentUUID": "c45a0773-4985-47d9-933f-26ddc5159f0f",
              "isHook": false,
              "skipped": false
            }
          ],
          "suites": [],
          "passes": [
            "8cba4f99-6e5c-4fcd-b6c0-f2cb78d5aa9c",
            "e1d6196c-2a99-4707-8701-164d66d7c917",
            "07a97091-f7f5-4153-90f9-fbe560a3873f",
            "8bccef38-9098-4984-bb28-5fc65a3fe4f0"
          ],
          "failures": [],
          "pending": [],
          "skipped": [],
          "duration": 10852,
          "root": false,
          "rootEmpty": false,
          "_timeout": 2000
        }
      ],
      "passes": [],
      "failures": [],
      "pending": [],
      "skipped": [],
      "duration": 0,
      "root": true,
      "rootEmpty": true,
      "_timeout": 2000
    },
    {
      "uuid": "48952937-7947-439d-81bf-914fa9c81128",
      "title": "",
      "fullFile": "cypress\\e2e\\cypress-first-ui-tests.cy.ts",
      "file": "cypress\\e2e\\cypress-first-ui-tests.cy.ts",
      "beforeHooks": [],
      "afterHooks": [],
      "tests": [],
      "suites": [
        {
          "uuid": "72180960-3e99-45d6-9b88-9d1d533dbcc3",
          "title": "Cypress first ui tests",
          "fullFile": "",
          "file": "",
          "beforeHooks": [],
          "afterHooks": [],
          "tests": [
            {
              "title": "Should validate colour and color text",
              "fullTitle": "Cypress first ui tests Should validate colour and color text",
              "timedOut": null,
              "duration": 1782,
              "state": "passed",
              "speed": "fast",
              "pass": true,
              "fail": false,
              "pending": false,
              "context": null,
              "code": "// Check for Light background color as it is default\ncy.checkBackgroundColor(colors.Light);\ncy.clickSelectButton();\n// Check for Dark background color\ncy.clickOptionByValueAndLabel(\"dark\", \"Dark\");\ncy.checkBackgroundColor(colors.Dark);\ncy.clickSelectButton();\n// Check for Cosmic background color\ncy.clickOptionByValueAndLabel(\"cosmic\", \"Cosmic\");\ncy.checkBackgroundColor(colors.Cosmic);\ncy.clickSelectButton();\n// Check for Corporate background color\ncy.clickOptionByValueAndLabel(\"corporate\", \"Corporate\");\ncy.checkBackgroundColor(colors.Corporate);\ncy.clickSelectButton();\n// Check for Light background color\ncy.clickOptionByValueAndLabel(\"default\", \"Light\");\ncy.checkBackgroundColor(colors.Light);",
              "err": {},
              "uuid": "9dea7c77-5f94-4bc9-ac44-d971b9325ae7",
              "parentUUID": "72180960-3e99-45d6-9b88-9d1d533dbcc3",
              "isHook": false,
              "skipped": false
            },
            {
              "title": "Should check Products details text section is togglable",
              "fullTitle": "Cypress first ui tests Should check Products details text section is togglable",
              "timedOut": null,
              "duration": 1483,
              "state": "passed",
              "speed": "fast",
              "pass": true,
              "fail": false,
              "pending": false,
              "context": null,
              "code": "cy.contains(\"span.menu-title\", \"Layout\").click();\ncy.contains(\"span.menu-title\", \"Accordion\").click();\nconst textToCheck = \"A nebula is an interstellar cloud of dust\";\n// Check that the first section with text is initially hidden\ncy.get(\".item-body\").eq(0).contains(textToCheck).should(\"not.be.visible\");\n// Click the button to reveal the first section\ncy.contains(\"Toggle First Item\").click();\n// Check that the first section is now visible\ncy.get(\".item-body\").eq(0).contains(textToCheck).should(\"be.visible\");",
              "err": {},
              "uuid": "21479960-c353-4a43-9e38-f931f218950b",
              "parentUUID": "72180960-3e99-45d6-9b88-9d1d533dbcc3",
              "isHook": false,
              "skipped": false
            },
            {
              "title": "Should check popover",
              "fullTitle": "Cypress first ui tests Should check popover",
              "timedOut": null,
              "duration": 1647,
              "state": "passed",
              "speed": "fast",
              "pass": true,
              "fail": false,
              "pending": false,
              "context": null,
              "code": "cy.contains(\"span.menu-title\", \"Modal & Overlays\").click();\ncy.contains(\"span.menu-title\", \"Popover\").click();\ncy.contains(\"Right\").trigger(\"mouseenter\");\ncy.contains(\".primitive-overlay\", \"Hello, how are you today?\").should(\"be.visible\");",
              "err": {},
              "uuid": "395d7b58-b68c-4398-8a3b-767c86a4bb84",
              "parentUUID": "72180960-3e99-45d6-9b88-9d1d533dbcc3",
              "isHook": false,
              "skipped": false
            },
            {
              "title": "Should show name in Return Result From Dialog",
              "fullTitle": "Cypress first ui tests Should show name in Return Result From Dialog",
              "timedOut": null,
              "duration": 1714,
              "state": "passed",
              "speed": "fast",
              "pass": true,
              "fail": false,
              "pending": false,
              "context": null,
              "code": "let myName = \"Dmytro\";\ncy.contains(\"span.menu-title\", \"Modal & Overlays\").click();\ncy.contains(\"span.menu-title\", \"Dialog\").click();\ncy.contains(\"Enter Name\").click();\ncy.get('[nbinput][placeholder=\"Name\"]').type(myName);\ncy.contains(\"Submit\").should(\"be.visible\").click();\ncy.get(\".result-from-dialog\")\n    .find(\".ng-star-inserted\")\n    .should(\"have.text\", myName);",
              "err": {},
              "uuid": "2eda14c0-2c82-4b65-b919-df75129657f9",
              "parentUUID": "72180960-3e99-45d6-9b88-9d1d533dbcc3",
              "isHook": false,
              "skipped": false
            }
          ],
          "suites": [],
          "passes": [
            "9dea7c77-5f94-4bc9-ac44-d971b9325ae7",
            "21479960-c353-4a43-9e38-f931f218950b",
            "395d7b58-b68c-4398-8a3b-767c86a4bb84",
            "2eda14c0-2c82-4b65-b919-df75129657f9"
          ],
          "failures": [],
          "pending": [],
          "skipped": [],
          "duration": 6626,
          "root": false,
          "rootEmpty": false,
          "_timeout": 2000
        }
      ],
      "passes": [],
      "failures": [],
      "pending": [],
      "skipped": [],
      "duration": 0,
      "root": true,
      "rootEmpty": true,
      "_timeout": 2000
    }
  ],
  "meta": {
    "mocha": {
      "version": "7.0.1"
    },
    "mochawesome": {
      "options": {
        "quiet": false,
        "reportFilename": "mochawesome",
        "saveHtml": false,
        "saveJson": true,
        "consoleReporter": "spec",
        "useInlineDiffs": false,
        "code": true
      },
      "version": "7.1.3"
    },
    "marge": {
      "options": {
        "reportDir": "cypress/results",
        "overwrite": false,
        "html": false,
        "json": true
      },
      "version": "6.2.0"
    }
  }
}