{
  "stats": {
    "suites": 6,
    "tests": 20,
    "passes": 20,
    "pending": 0,
    "failures": 0,
    "testsRegistered": 20,
    "passPercent": 100,
    "pendingPercent": 0,
    "other": 0,
    "hasOther": false,
    "skipped": 0,
    "hasSkipped": false,
    "start": "2023-10-15T13:21:42.615Z",
    "end": "2023-10-15T13:22:27.112Z",
    "duration": 44497
  },
  "results": [
    {
      "uuid": "74b8dfe5-371e-43e7-8d94-c73360a6e094",
      "title": "",
      "fullFile": "cypress\\e2e\\spec.cy.ts",
      "file": "cypress\\e2e\\spec.cy.ts",
      "beforeHooks": [],
      "afterHooks": [],
      "tests": [],
      "suites": [
        {
          "uuid": "ba462d63-f8d0-4ebd-b98f-e69569f033bb",
          "title": "Open tabs",
          "fullFile": "",
          "file": "",
          "beforeHooks": [],
          "afterHooks": [],
          "tests": [
            {
              "title": "Should open Layout -> Accordion",
              "fullTitle": "Open tabs Should open Layout -> Accordion",
              "timedOut": null,
              "duration": 1733,
              "state": "passed",
              "speed": "fast",
              "pass": true,
              "fail": false,
              "pending": false,
              "context": null,
              "code": "cy.contains(\"span.menu-title\", \"Layout\").click();\ncy.contains(\"span.menu-title\", \"Accordion\").click();",
              "err": {},
              "uuid": "a6e6493e-d03d-47fe-bd15-97503c525c35",
              "parentUUID": "ba462d63-f8d0-4ebd-b98f-e69569f033bb",
              "isHook": false,
              "skipped": false
            },
            {
              "title": "Should open Forms -> Form Layouts",
              "fullTitle": "Open tabs Should open Forms -> Form Layouts",
              "timedOut": null,
              "duration": 1002,
              "state": "passed",
              "speed": "fast",
              "pass": true,
              "fail": false,
              "pending": false,
              "context": null,
              "code": "cy.contains(\"span.menu-title\", \"Forms\").click();\ncy.contains(\"span.menu-title\", \"Form Layouts\").click();",
              "err": {},
              "uuid": "3842a61f-13a1-4f96-99fe-28570c4de40e",
              "parentUUID": "ba462d63-f8d0-4ebd-b98f-e69569f033bb",
              "isHook": false,
              "skipped": false
            },
            {
              "title": "Should show popover",
              "fullTitle": "Open tabs Should show popover",
              "timedOut": null,
              "duration": 1677,
              "state": "passed",
              "speed": "fast",
              "pass": true,
              "fail": false,
              "pending": false,
              "context": null,
              "code": "cy.contains(\"span.menu-title\", \"Modal & Overlays\").click();\ncy.contains(\"span.menu-title\", \"Popover\").click();\ncy.contains(\"Bottom\").trigger(\"mouseenter\");\ncy.contains(\".primitive-overlay\", \"Hello, how are you today?\").should(\"be.visible\");",
              "err": {},
              "uuid": "b4f19985-70b4-4dfd-b982-802e6867fbed",
              "parentUUID": "ba462d63-f8d0-4ebd-b98f-e69569f033bb",
              "isHook": false,
              "skipped": false
            }
          ],
          "suites": [],
          "passes": [
            "a6e6493e-d03d-47fe-bd15-97503c525c35",
            "3842a61f-13a1-4f96-99fe-28570c4de40e",
            "b4f19985-70b4-4dfd-b982-802e6867fbed"
          ],
          "failures": [],
          "pending": [],
          "skipped": [],
          "duration": 4412,
          "root": false,
          "rootEmpty": false,
          "_timeout": 2000
        }
      ],
      "passes": [],
      "failures": [],
      "pending": [],
      "skipped": [],
      "duration": 0,
      "root": true,
      "rootEmpty": true,
      "_timeout": 2000
    },
    {
      "uuid": "5fdab9b4-dba4-4cfe-ba44-a8bd5df695e8",
      "title": "",
      "fullFile": "cypress\\e2e\\page-object-tests\\datepicker-test.cy.js",
      "file": "cypress\\e2e\\page-object-tests\\datepicker-test.cy.js",
      "beforeHooks": [],
      "afterHooks": [],
      "tests": [],
      "suites": [
        {
          "uuid": "876fd0d8-10b4-4e6d-a98f-40b1d694eb34",
          "title": "Datepicker Tests",
          "fullFile": "",
          "file": "",
          "beforeHooks": [],
          "afterHooks": [],
          "tests": [
            {
              "title": "should open and select today from the datepicker",
              "fullTitle": "Datepicker Tests should open and select today from the datepicker",
              "timedOut": null,
              "duration": 1808,
              "state": "passed",
              "speed": "fast",
              "pass": true,
              "fail": false,
              "pending": false,
              "context": null,
              "code": "const moment = __webpack_require__(/*! moment */ \"./node_modules/moment/moment.js\");\nconst currentDate = moment().format('MMM D, YYYY');\ncy.visit('/');\n_DatePickerPage.default.selectFormsMenu();\n_DatePickerPage.default.selectDatepickerMenuItem();\n_DatePickerPage.default.openCalendar();\n_DatePickerPage.default.selectToday();\n// Check if the selected date is displayed in a specific field\ncy.get('input[placeholder=\"Form Picker\"]').should('have.value', currentDate);",
              "err": {},
              "uuid": "1f36c2a1-4891-48ab-b6e7-c841d0f9ccf2",
              "parentUUID": "876fd0d8-10b4-4e6d-a98f-40b1d694eb34",
              "isHook": false,
              "skipped": false
            }
          ],
          "suites": [],
          "passes": [
            "1f36c2a1-4891-48ab-b6e7-c841d0f9ccf2"
          ],
          "failures": [],
          "pending": [],
          "skipped": [],
          "duration": 1808,
          "root": false,
          "rootEmpty": false,
          "_timeout": 2000
        }
      ],
      "passes": [],
      "failures": [],
      "pending": [],
      "skipped": [],
      "duration": 0,
      "root": true,
      "rootEmpty": true,
      "_timeout": 2000
    },
    {
      "uuid": "d08b29aa-9cb5-48da-8f06-9c398c0e6080",
      "title": "",
      "fullFile": "cypress\\e2e\\page-object-tests\\forgot-password-tests.cy.js",
      "file": "cypress\\e2e\\page-object-tests\\forgot-password-tests.cy.js",
      "beforeHooks": [],
      "afterHooks": [],
      "tests": [],
      "suites": [
        {
          "uuid": "4db6b217-bc49-4fd3-9b54-e04cc1aa5978",
          "title": "Authentication Tests",
          "fullFile": "",
          "file": "",
          "beforeHooks": [],
          "afterHooks": [],
          "tests": [
            {
              "title": "should check REquest password enabled with valid email",
              "fullTitle": "Authentication Tests should check REquest password enabled with valid email",
              "timedOut": null,
              "duration": 1571,
              "state": "passed",
              "speed": "fast",
              "pass": true,
              "fail": false,
              "pending": false,
              "context": null,
              "code": "_AuthPage.default.enterEmail('email@example.com');\n_AuthPage.default.checkLoginButtonEnabled();",
              "err": {},
              "uuid": "44597077-87b8-4072-ba3f-29639c7ccb6a",
              "parentUUID": "4db6b217-bc49-4fd3-9b54-e04cc1aa5978",
              "isHook": false,
              "skipped": false
            },
            {
              "title": "should check REquest password disbled and validation message with invalid email",
              "fullTitle": "Authentication Tests should check REquest password disbled and validation message with invalid email",
              "timedOut": null,
              "duration": 909,
              "state": "passed",
              "speed": "fast",
              "pass": true,
              "fail": false,
              "pending": false,
              "context": null,
              "code": "_AuthPage.default.enterEmail('e');\ncy.get('#title').click(); // Just click somwhere to show password validation message\n// Check if validation error messages are visible\ncy.contains('Email should be the real one!').should('be.visible');\n_AuthPage.default.checkLoginButtonDisabled();",
              "err": {},
              "uuid": "decab489-423d-4b31-807e-dec4af14eecb",
              "parentUUID": "4db6b217-bc49-4fd3-9b54-e04cc1aa5978",
              "isHook": false,
              "skipped": false
            },
            {
              "title": "should navigate to Login page when clicking \"Back to Log In\" link",
              "fullTitle": "Authentication Tests should navigate to Login page when clicking \"Back to Log In\" link",
              "timedOut": null,
              "duration": 628,
              "state": "passed",
              "speed": "fast",
              "pass": true,
              "fail": false,
              "pending": false,
              "context": null,
              "code": "_AuthPage.default.clickBackToLogin();\n// Check if the URL is now '/auth/login'\ncy.url().should('include', '/auth/login');",
              "err": {},
              "uuid": "2739c0bc-0a26-4243-b22d-3c4cc8eaffc4",
              "parentUUID": "4db6b217-bc49-4fd3-9b54-e04cc1aa5978",
              "isHook": false,
              "skipped": false
            },
            {
              "title": "should navigate to Register page when clicking \"Register\" link",
              "fullTitle": "Authentication Tests should navigate to Register page when clicking \"Register\" link",
              "timedOut": null,
              "duration": 621,
              "state": "passed",
              "speed": "fast",
              "pass": true,
              "fail": false,
              "pending": false,
              "context": null,
              "code": "_AuthPage.default.clickRegister();\n// Check if the URL is now '/auth/register'\ncy.url().should('include', '/auth/register');",
              "err": {},
              "uuid": "d2a00866-a1d7-49ed-8b5f-956a5a49cf30",
              "parentUUID": "4db6b217-bc49-4fd3-9b54-e04cc1aa5978",
              "isHook": false,
              "skipped": false
            }
          ],
          "suites": [],
          "passes": [
            "44597077-87b8-4072-ba3f-29639c7ccb6a",
            "decab489-423d-4b31-807e-dec4af14eecb",
            "2739c0bc-0a26-4243-b22d-3c4cc8eaffc4",
            "d2a00866-a1d7-49ed-8b5f-956a5a49cf30"
          ],
          "failures": [],
          "pending": [],
          "skipped": [],
          "duration": 3729,
          "root": false,
          "rootEmpty": false,
          "_timeout": 2000
        }
      ],
      "passes": [],
      "failures": [],
      "pending": [],
      "skipped": [],
      "duration": 0,
      "root": true,
      "rootEmpty": true,
      "_timeout": 2000
    },
    {
      "uuid": "4b6c59ed-9bba-4e85-9343-d2d7ed8f3d00",
      "title": "",
      "fullFile": "cypress\\e2e\\page-object-tests\\login-page-tests.cy.js",
      "file": "cypress\\e2e\\page-object-tests\\login-page-tests.cy.js",
      "beforeHooks": [],
      "afterHooks": [],
      "tests": [],
      "suites": [
        {
          "uuid": "3d13a5a1-432c-4fd9-a4a8-bb22ed5ea854",
          "title": "Authentication Tests",
          "fullFile": "",
          "file": "",
          "beforeHooks": [],
          "afterHooks": [],
          "tests": [
            {
              "title": "should login successfully",
              "fullTitle": "Authentication Tests should login successfully",
              "timedOut": null,
              "duration": 5382,
              "state": "passed",
              "speed": "medium",
              "pass": true,
              "fail": false,
              "pending": false,
              "context": null,
              "code": "_AuthPage.default.enterEmail('email@example.com');\n_AuthPage.default.enterPassword('password');\n_AuthPage.default.clickLoginButton();\n// Check if the avatar is visible\n_AuthPage.default.checkAvatarVisibility();",
              "err": {},
              "uuid": "10440b6c-0cc1-4d55-86aa-e007dd82e459",
              "parentUUID": "3d13a5a1-432c-4fd9-a4a8-bb22ed5ea854",
              "isHook": false,
              "skipped": false
            },
            {
              "title": "should validate email and password fields with invalid data",
              "fullTitle": "Authentication Tests should validate email and password fields with invalid data",
              "timedOut": null,
              "duration": 1181,
              "state": "passed",
              "speed": "fast",
              "pass": true,
              "fail": false,
              "pending": false,
              "context": null,
              "code": "_AuthPage.default.enterEmail('q');\n_AuthPage.default.enterPassword('1');\ncy.get('#title').click(); // Just click somwhere to show password validation message\n// Check if validation error messages are visible\ncy.contains('Email should be the real one!').should('be.visible');\ncy.contains('Password should contain from 4 to 50 characters').should('be.visible');\n_AuthPage.default.checkLoginButtonDisabled();",
              "err": {},
              "uuid": "a3ff5125-b817-4864-af88-ec516755f9d2",
              "parentUUID": "3d13a5a1-432c-4fd9-a4a8-bb22ed5ea854",
              "isHook": false,
              "skipped": false
            },
            {
              "title": "should validate empty email, password, and repeat password fields",
              "fullTitle": "Authentication Tests should validate empty email, password, and repeat password fields",
              "timedOut": null,
              "duration": 938,
              "state": "passed",
              "speed": "fast",
              "pass": true,
              "fail": false,
              "pending": false,
              "context": null,
              "code": "_AuthPage.default.emptyEmailInput();\n_AuthPage.default.emptyPasswordInput();\ncy.get('#title').click(); // Just click somewhere to show validation messages\n// Check if validation error messages are visible\ncy.contains('Email is required!').should('be.visible');\ncy.contains('Password is required!').should('be.visible');\n_AuthPage.default.checkLoginButtonDisabled();",
              "err": {},
              "uuid": "246a8578-3d44-4014-831b-90961709456a",
              "parentUUID": "3d13a5a1-432c-4fd9-a4a8-bb22ed5ea854",
              "isHook": false,
              "skipped": false
            },
            {
              "title": "should disable the Login button by default",
              "fullTitle": "Authentication Tests should disable the Login button by default",
              "timedOut": null,
              "duration": 530,
              "state": "passed",
              "speed": "fast",
              "pass": true,
              "fail": false,
              "pending": false,
              "context": null,
              "code": "_AuthPage.default.checkLoginButtonDisabled();",
              "err": {},
              "uuid": "fb2ffd99-1ed5-4a63-b293-bb0ba39887d6",
              "parentUUID": "3d13a5a1-432c-4fd9-a4a8-bb22ed5ea854",
              "isHook": false,
              "skipped": false
            }
          ],
          "suites": [],
          "passes": [
            "10440b6c-0cc1-4d55-86aa-e007dd82e459",
            "a3ff5125-b817-4864-af88-ec516755f9d2",
            "246a8578-3d44-4014-831b-90961709456a",
            "fb2ffd99-1ed5-4a63-b293-bb0ba39887d6"
          ],
          "failures": [],
          "pending": [],
          "skipped": [],
          "duration": 8031,
          "root": false,
          "rootEmpty": false,
          "_timeout": 2000
        }
      ],
      "passes": [],
      "failures": [],
      "pending": [],
      "skipped": [],
      "duration": 0,
      "root": true,
      "rootEmpty": true,
      "_timeout": 2000
    },
    {
      "uuid": "f29e6762-634f-45c3-92d8-c81845ae7315",
      "title": "",
      "fullFile": "cypress\\e2e\\page-object-tests\\register-page-tests.cy.js",
      "file": "cypress\\e2e\\page-object-tests\\register-page-tests.cy.js",
      "beforeHooks": [],
      "afterHooks": [],
      "tests": [],
      "suites": [
        {
          "uuid": "1525e53a-c67c-444f-891a-1b94e5df31fb",
          "title": "Authentication Tests",
          "fullFile": "",
          "file": "",
          "beforeHooks": [],
          "afterHooks": [],
          "tests": [
            {
              "title": "should register successfully",
              "fullTitle": "Authentication Tests should register successfully",
              "timedOut": null,
              "duration": 6015,
              "state": "passed",
              "speed": "medium",
              "pass": true,
              "fail": false,
              "pending": false,
              "context": null,
              "code": "_AuthPage.default.enterFullName('Dmytro');\n_AuthPage.default.enterEmail('email@example.com');\n_AuthPage.default.enterPassword('password');\n_AuthPage.default.enterRepeatPassword('password');\n_AuthPage.default.checkAgreeWithTerms();\n_AuthPage.default.clickLoginButton();\n_AuthPage.default.checkAvatarVisibility();",
              "err": {},
              "uuid": "e82a6bd2-21f1-414e-b910-93c9ff531969",
              "parentUUID": "1525e53a-c67c-444f-891a-1b94e5df31fb",
              "isHook": false,
              "skipped": false
            },
            {
              "title": "should validate all fields with invalid data",
              "fullTitle": "Authentication Tests should validate all fields with invalid data",
              "timedOut": null,
              "duration": 1665,
              "state": "passed",
              "speed": "fast",
              "pass": true,
              "fail": false,
              "pending": false,
              "context": null,
              "code": "_AuthPage.default.enterFullName('D');\n// Check if validation error messages are visible\ncy.contains('Full name should contains from 4 to 50 characters').should('be.visible');\n_AuthPage.default.enterEmail('q');\n_AuthPage.default.enterPassword('1');\ncy.get('#title').click(); // Just click somwhere to show password validation message\n// Check if validation error messages are visible\ncy.contains('Email should be the real one!').should('be.visible');\ncy.contains('Password should contain from 4 to 50 characters').should('be.visible');\n_AuthPage.default.enterRepeatPassword('123456789');\n// Check if border is red (Можна для кожної рамки таке напихати, але суть та сама)\ncy.get('#input-re-password').should('have.class', 'status-danger');",
              "err": {},
              "uuid": "24d68960-1d84-41fa-b0be-4c5db7fbcc10",
              "parentUUID": "1525e53a-c67c-444f-891a-1b94e5df31fb",
              "isHook": false,
              "skipped": false
            },
            {
              "title": "should validate empty email, password, and repeat password fields",
              "fullTitle": "Authentication Tests should validate empty email, password, and repeat password fields",
              "timedOut": null,
              "duration": 1033,
              "state": "passed",
              "speed": "fast",
              "pass": true,
              "fail": false,
              "pending": false,
              "context": null,
              "code": "_AuthPage.default.emptyEmailInput();\n_AuthPage.default.emptyPasswordInput();\n_AuthPage.default.emptyRepeatPasswordInput();\ncy.get('#title').click(); // Just click somewhere to show validation messages\ncy.contains('Email is required!').should('be.visible');\ncy.contains('Password is required!').should('be.visible');\ncy.contains('Password confirmation is required!').should('be.visible');",
              "err": {},
              "uuid": "746dfbf4-6af6-4373-bf73-3dab1e90de49",
              "parentUUID": "1525e53a-c67c-444f-891a-1b94e5df31fb",
              "isHook": false,
              "skipped": false
            },
            {
              "title": "should disable the Register button without agreement",
              "fullTitle": "Authentication Tests should disable the Register button without agreement",
              "timedOut": null,
              "duration": 1655,
              "state": "passed",
              "speed": "fast",
              "pass": true,
              "fail": false,
              "pending": false,
              "context": null,
              "code": "_AuthPage.default.enterFullName('Dmytro');\n_AuthPage.default.enterEmail('email@example.com');\n_AuthPage.default.enterPassword('password');\n_AuthPage.default.enterRepeatPassword('password');\n_AuthPage.default.checkLoginButtonDisabled();",
              "err": {},
              "uuid": "645efdda-b8a0-49a9-bb3b-931816d4790b",
              "parentUUID": "1525e53a-c67c-444f-891a-1b94e5df31fb",
              "isHook": false,
              "skipped": false
            }
          ],
          "suites": [],
          "passes": [
            "e82a6bd2-21f1-414e-b910-93c9ff531969",
            "24d68960-1d84-41fa-b0be-4c5db7fbcc10",
            "746dfbf4-6af6-4373-bf73-3dab1e90de49",
            "645efdda-b8a0-49a9-bb3b-931816d4790b"
          ],
          "failures": [],
          "pending": [],
          "skipped": [],
          "duration": 10368,
          "root": false,
          "rootEmpty": false,
          "_timeout": 2000
        }
      ],
      "passes": [],
      "failures": [],
      "pending": [],
      "skipped": [],
      "duration": 0,
      "root": true,
      "rootEmpty": true,
      "_timeout": 2000
    },
    {
      "uuid": "83b2f622-e329-4c2b-9b7d-1533474ffd80",
      "title": "",
      "fullFile": "cypress\\e2e\\cypress-first-ui-tests.cy.ts",
      "file": "cypress\\e2e\\cypress-first-ui-tests.cy.ts",
      "beforeHooks": [],
      "afterHooks": [],
      "tests": [],
      "suites": [
        {
          "uuid": "af6fc1b5-c3a4-412e-adba-71f0cf224335",
          "title": "Cypress first ui tests",
          "fullFile": "",
          "file": "",
          "beforeHooks": [],
          "afterHooks": [],
          "tests": [
            {
              "title": "Should validate colour and color text",
              "fullTitle": "Cypress first ui tests Should validate colour and color text",
              "timedOut": null,
              "duration": 2355,
              "state": "passed",
              "speed": "fast",
              "pass": true,
              "fail": false,
              "pending": false,
              "context": null,
              "code": "// Check for Light background color as it is default\ncy.checkBackgroundColor(colors.Light);\ncy.clickSelectButton();\n// Check for Dark background color\ncy.clickOptionByValueAndLabel(\"dark\", \"Dark\");\ncy.checkBackgroundColor(colors.Dark);\ncy.clickSelectButton();\n// Check for Cosmic background color\ncy.clickOptionByValueAndLabel(\"cosmic\", \"Cosmic\");\ncy.checkBackgroundColor(colors.Cosmic);\ncy.clickSelectButton();\n// Check for Corporate background color\ncy.clickOptionByValueAndLabel(\"corporate\", \"Corporate\");\ncy.checkBackgroundColor(colors.Corporate);\ncy.clickSelectButton();\n// Check for Light background color\ncy.clickOptionByValueAndLabel(\"default\", \"Light\");\ncy.checkBackgroundColor(colors.Light);",
              "err": {},
              "uuid": "88daa987-fa4c-4a5f-80cb-3279ce34ed9d",
              "parentUUID": "af6fc1b5-c3a4-412e-adba-71f0cf224335",
              "isHook": false,
              "skipped": false
            },
            {
              "title": "Should check Products details text section is togglable",
              "fullTitle": "Cypress first ui tests Should check Products details text section is togglable",
              "timedOut": null,
              "duration": 1463,
              "state": "passed",
              "speed": "fast",
              "pass": true,
              "fail": false,
              "pending": false,
              "context": null,
              "code": "cy.contains(\"span.menu-title\", \"Layout\").click();\ncy.contains(\"span.menu-title\", \"Accordion\").click();\nconst textToCheck = \"A nebula is an interstellar cloud of dust\";\n// Check that the first section with text is initially hidden\ncy.get(\".item-body\").eq(0).contains(textToCheck).should(\"not.be.visible\");\n// Click the button to reveal the first section\ncy.contains(\"Toggle First Item\").click();\n// Check that the first section is now visible\ncy.get(\".item-body\").eq(0).contains(textToCheck).should(\"be.visible\");",
              "err": {},
              "uuid": "7b686903-1a1d-4f72-b186-1f2ab3092493",
              "parentUUID": "af6fc1b5-c3a4-412e-adba-71f0cf224335",
              "isHook": false,
              "skipped": false
            },
            {
              "title": "Should check popover",
              "fullTitle": "Cypress first ui tests Should check popover",
              "timedOut": null,
              "duration": 1664,
              "state": "passed",
              "speed": "fast",
              "pass": true,
              "fail": false,
              "pending": false,
              "context": null,
              "code": "cy.contains(\"span.menu-title\", \"Modal & Overlays\").click();\ncy.contains(\"span.menu-title\", \"Popover\").click();\ncy.contains(\"Right\").trigger(\"mouseenter\");\ncy.contains(\".primitive-overlay\", \"Hello, how are you today?\").should(\"be.visible\");",
              "err": {},
              "uuid": "616b50de-80f4-42fe-a422-39abc55a9a18",
              "parentUUID": "af6fc1b5-c3a4-412e-adba-71f0cf224335",
              "isHook": false,
              "skipped": false
            },
            {
              "title": "Should show name in Return Result From Dialog",
              "fullTitle": "Cypress first ui tests Should show name in Return Result From Dialog",
              "timedOut": null,
              "duration": 1695,
              "state": "passed",
              "speed": "fast",
              "pass": true,
              "fail": false,
              "pending": false,
              "context": null,
              "code": "let myName = \"Dmytro\";\ncy.contains(\"span.menu-title\", \"Modal & Overlays\").click();\ncy.contains(\"span.menu-title\", \"Dialog\").click();\ncy.contains(\"Enter Name\").click();\ncy.get('[nbinput][placeholder=\"Name\"]').type(myName);\ncy.contains(\"Submit\").should(\"be.visible\").click();\ncy.get(\".result-from-dialog\")\n    .find(\".ng-star-inserted\")\n    .should(\"have.text\", myName);",
              "err": {},
              "uuid": "7b33cf9a-b3f5-44de-ab2c-ed17b563bb45",
              "parentUUID": "af6fc1b5-c3a4-412e-adba-71f0cf224335",
              "isHook": false,
              "skipped": false
            }
          ],
          "suites": [],
          "passes": [
            "88daa987-fa4c-4a5f-80cb-3279ce34ed9d",
            "7b686903-1a1d-4f72-b186-1f2ab3092493",
            "616b50de-80f4-42fe-a422-39abc55a9a18",
            "7b33cf9a-b3f5-44de-ab2c-ed17b563bb45"
          ],
          "failures": [],
          "pending": [],
          "skipped": [],
          "duration": 7177,
          "root": false,
          "rootEmpty": false,
          "_timeout": 2000
        }
      ],
      "passes": [],
      "failures": [],
      "pending": [],
      "skipped": [],
      "duration": 0,
      "root": true,
      "rootEmpty": true,
      "_timeout": 2000
    }
  ],
  "meta": {
    "mocha": {
      "version": "7.0.1"
    },
    "mochawesome": {
      "options": {
        "quiet": false,
        "reportFilename": "mochawesome",
        "saveHtml": false,
        "saveJson": true,
        "consoleReporter": "spec",
        "useInlineDiffs": false,
        "code": true
      },
      "version": "7.1.3"
    },
    "marge": {
      "options": {
        "reportDir": "cypress/results",
        "overwrite": false,
        "html": false,
        "json": true
      },
      "version": "6.2.0"
    }
  }
}