{
  "stats": {
    "suites": 1,
    "tests": 3,
    "passes": 3,
    "pending": 0,
    "failures": 0,
    "start": "2023-10-29T09:43:06.577Z",
    "end": "2023-10-29T09:43:11.083Z",
    "duration": 4506,
    "testsRegistered": 3,
    "passPercent": 100,
    "pendingPercent": 0,
    "other": 0,
    "hasOther": false,
    "skipped": 0,
    "hasSkipped": false
  },
  "results": [
    {
      "uuid": "fcdfe7d1-7117-4256-8e0c-872f1df9a069",
      "title": "",
      "fullFile": "cypress\\e2e\\spec.cy.ts",
      "file": "cypress\\e2e\\spec.cy.ts",
      "beforeHooks": [],
      "afterHooks": [],
      "tests": [],
      "suites": [
        {
          "uuid": "4aded5b7-0ac0-48aa-92c0-ea0bc7d9b0d1",
          "title": "Open tabs",
          "fullFile": "",
          "file": "",
          "beforeHooks": [],
          "afterHooks": [],
          "tests": [
            {
              "title": "Should open Layout -> Accordion",
              "fullTitle": "Open tabs Should open Layout -> Accordion",
              "timedOut": null,
              "duration": 1774,
              "state": "passed",
              "speed": "fast",
              "pass": true,
              "fail": false,
              "pending": false,
              "context": null,
              "code": "cy.contains(\"span.menu-title\", \"Layout\").click();\ncy.contains(\"span.menu-title\", \"Accordion\").click();",
              "err": {},
              "uuid": "f0a857b7-3bb2-494a-8bb5-61521bff2419",
              "parentUUID": "4aded5b7-0ac0-48aa-92c0-ea0bc7d9b0d1",
              "isHook": false,
              "skipped": false
            },
            {
              "title": "Should open Forms -> Form Layouts",
              "fullTitle": "Open tabs Should open Forms -> Form Layouts",
              "timedOut": null,
              "duration": 993,
              "state": "passed",
              "speed": "fast",
              "pass": true,
              "fail": false,
              "pending": false,
              "context": null,
              "code": "cy.contains(\"span.menu-title\", \"Forms\").click();\ncy.contains(\"span.menu-title\", \"Form Layouts\").click();",
              "err": {},
              "uuid": "c7a39fd4-b58d-49ce-892d-c6274952fbf0",
              "parentUUID": "4aded5b7-0ac0-48aa-92c0-ea0bc7d9b0d1",
              "isHook": false,
              "skipped": false
            },
            {
              "title": "Should show popover",
              "fullTitle": "Open tabs Should show popover",
              "timedOut": null,
              "duration": 1651,
              "state": "passed",
              "speed": "fast",
              "pass": true,
              "fail": false,
              "pending": false,
              "context": null,
              "code": "cy.contains(\"span.menu-title\", \"Modal & Overlays\").click();\ncy.contains(\"span.menu-title\", \"Popover\").click();\ncy.contains(\"Bottom\").trigger(\"mouseenter\");\ncy.contains(\".primitive-overlay\", \"Hello, how are you today?\").should(\"be.visible\");",
              "err": {},
              "uuid": "8d34ea11-67a6-4b33-ad75-45b38ef3f108",
              "parentUUID": "4aded5b7-0ac0-48aa-92c0-ea0bc7d9b0d1",
              "isHook": false,
              "skipped": false
            }
          ],
          "suites": [],
          "passes": [
            "f0a857b7-3bb2-494a-8bb5-61521bff2419",
            "c7a39fd4-b58d-49ce-892d-c6274952fbf0",
            "8d34ea11-67a6-4b33-ad75-45b38ef3f108"
          ],
          "failures": [],
          "pending": [],
          "skipped": [],
          "duration": 4418,
          "root": false,
          "rootEmpty": false,
          "_timeout": 2000
        }
      ],
      "passes": [],
      "failures": [],
      "pending": [],
      "skipped": [],
      "duration": 0,
      "root": true,
      "rootEmpty": true,
      "_timeout": 2000
    }
  ],
  "meta": {
    "mocha": {
      "version": "7.0.1"
    },
    "mochawesome": {
      "options": {
        "quiet": false,
        "reportFilename": "mochawesome",
        "saveHtml": false,
        "saveJson": true,
        "consoleReporter": "spec",
        "useInlineDiffs": false,
        "code": true
      },
      "version": "7.1.3"
    },
    "marge": {
      "options": {
        "reportDir": "cypress/results",
        "overwrite": false,
        "html": false,
        "json": true
      },
      "version": "6.2.0"
    }
  }
}