{
  "stats": {
    "suites": 1,
    "tests": 3,
    "passes": 3,
    "pending": 0,
    "failures": 0,
    "start": "2023-10-29T09:15:54.973Z",
    "end": "2023-10-29T09:15:59.634Z",
    "duration": 4661,
    "testsRegistered": 3,
    "passPercent": 100,
    "pendingPercent": 0,
    "other": 0,
    "hasOther": false,
    "skipped": 0,
    "hasSkipped": false
  },
  "results": [
    {
      "uuid": "b33bec64-d40b-4805-a241-76c18b0cc836",
      "title": "",
      "fullFile": "cypress\\e2e\\spec.cy.ts",
      "file": "cypress\\e2e\\spec.cy.ts",
      "beforeHooks": [],
      "afterHooks": [],
      "tests": [],
      "suites": [
        {
          "uuid": "c821643a-b4e2-4754-9d17-3b3612f07e54",
          "title": "Open tabs",
          "fullFile": "",
          "file": "",
          "beforeHooks": [],
          "afterHooks": [],
          "tests": [
            {
              "title": "Should open Layout -> Accordion",
              "fullTitle": "Open tabs Should open Layout -> Accordion",
              "timedOut": null,
              "duration": 1864,
              "state": "passed",
              "speed": "fast",
              "pass": true,
              "fail": false,
              "pending": false,
              "context": null,
              "code": "cy.contains(\"span.menu-title\", \"Layout\").click();\ncy.contains(\"span.menu-title\", \"Accordion\").click();",
              "err": {},
              "uuid": "61c4c2fd-4ac0-4a98-8f7f-cd52c3f8c5ad",
              "parentUUID": "c821643a-b4e2-4754-9d17-3b3612f07e54",
              "isHook": false,
              "skipped": false
            },
            {
              "title": "Should open Forms -> Form Layouts",
              "fullTitle": "Open tabs Should open Forms -> Form Layouts",
              "timedOut": null,
              "duration": 1026,
              "state": "passed",
              "speed": "fast",
              "pass": true,
              "fail": false,
              "pending": false,
              "context": null,
              "code": "cy.contains(\"span.menu-title\", \"Forms\").click();\ncy.contains(\"span.menu-title\", \"Form Layouts\").click();",
              "err": {},
              "uuid": "3928aab1-16df-46d8-a6a4-e7dd01b587de",
              "parentUUID": "c821643a-b4e2-4754-9d17-3b3612f07e54",
              "isHook": false,
              "skipped": false
            },
            {
              "title": "Should show popover",
              "fullTitle": "Open tabs Should show popover",
              "timedOut": null,
              "duration": 1680,
              "state": "passed",
              "speed": "fast",
              "pass": true,
              "fail": false,
              "pending": false,
              "context": null,
              "code": "cy.contains(\"span.menu-title\", \"Modal & Overlays\").click();\ncy.contains(\"span.menu-title\", \"Popover\").click();\ncy.contains(\"Bottom\").trigger(\"mouseenter\");\ncy.contains(\".primitive-overlay\", \"Hello, how are you today?\").should(\"be.visible\");",
              "err": {},
              "uuid": "f4e51aec-b149-462c-965f-fae93cbb0e16",
              "parentUUID": "c821643a-b4e2-4754-9d17-3b3612f07e54",
              "isHook": false,
              "skipped": false
            }
          ],
          "suites": [],
          "passes": [
            "61c4c2fd-4ac0-4a98-8f7f-cd52c3f8c5ad",
            "3928aab1-16df-46d8-a6a4-e7dd01b587de",
            "f4e51aec-b149-462c-965f-fae93cbb0e16"
          ],
          "failures": [],
          "pending": [],
          "skipped": [],
          "duration": 4570,
          "root": false,
          "rootEmpty": false,
          "_timeout": 2000
        }
      ],
      "passes": [],
      "failures": [],
      "pending": [],
      "skipped": [],
      "duration": 0,
      "root": true,
      "rootEmpty": true,
      "_timeout": 2000
    }
  ],
  "meta": {
    "mocha": {
      "version": "7.0.1"
    },
    "mochawesome": {
      "options": {
        "quiet": false,
        "reportFilename": "mochawesome",
        "saveHtml": false,
        "saveJson": true,
        "consoleReporter": "spec",
        "useInlineDiffs": false,
        "code": true
      },
      "version": "7.1.3"
    },
    "marge": {
      "options": {
        "reportDir": "cypress/results",
        "overwrite": false,
        "html": false,
        "json": true
      },
      "version": "6.2.0"
    }
  }
}