{
  "stats": {
    "suites": 1,
    "tests": 4,
    "passes": 4,
    "pending": 0,
    "failures": 0,
    "start": "2023-10-29T09:16:06.159Z",
    "end": "2023-10-29T09:16:10.980Z",
    "duration": 4821,
    "testsRegistered": 4,
    "passPercent": 100,
    "pendingPercent": 0,
    "other": 0,
    "hasOther": false,
    "skipped": 0,
    "hasSkipped": false
  },
  "results": [
    {
      "uuid": "fa38b0dd-6cf8-434b-bed4-b881a3416cd5",
      "title": "",
      "fullFile": "cypress\\e2e\\page-object-tests\\forgot-password-tests.cy.js",
      "file": "cypress\\e2e\\page-object-tests\\forgot-password-tests.cy.js",
      "beforeHooks": [],
      "afterHooks": [],
      "tests": [],
      "suites": [
        {
          "uuid": "05624fbf-b816-40da-94a6-2f2d28f69ca7",
          "title": "Authentication Tests",
          "fullFile": "",
          "file": "",
          "beforeHooks": [],
          "afterHooks": [],
          "tests": [
            {
              "title": "should check REquest password enabled with valid email",
              "fullTitle": "Authentication Tests should check REquest password enabled with valid email",
              "timedOut": null,
              "duration": 2528,
              "state": "passed",
              "speed": "fast",
              "pass": true,
              "fail": false,
              "pending": false,
              "context": null,
              "code": "_AuthPage.default.enterEmail('email@example.com');\n_AuthPage.default.checkLoginButtonEnabled();",
              "err": {},
              "uuid": "3e8a926d-c722-4b3a-b639-cde3532ce56e",
              "parentUUID": "05624fbf-b816-40da-94a6-2f2d28f69ca7",
              "isHook": false,
              "skipped": false
            },
            {
              "title": "should check REquest password disbled and validation message with invalid email",
              "fullTitle": "Authentication Tests should check REquest password disbled and validation message with invalid email",
              "timedOut": null,
              "duration": 911,
              "state": "passed",
              "speed": "fast",
              "pass": true,
              "fail": false,
              "pending": false,
              "context": null,
              "code": "_AuthPage.default.enterEmail('e');\ncy.get('#title').click(); // Just click somwhere to show password validation message\n// Check if validation error messages are visible\ncy.contains('Email should be the real one!').should('be.visible');\n_AuthPage.default.checkLoginButtonDisabled();",
              "err": {},
              "uuid": "53217528-9594-4c55-90c3-638e767367f9",
              "parentUUID": "05624fbf-b816-40da-94a6-2f2d28f69ca7",
              "isHook": false,
              "skipped": false
            },
            {
              "title": "should navigate to Login page when clicking \"Back to Log In\" link",
              "fullTitle": "Authentication Tests should navigate to Login page when clicking \"Back to Log In\" link",
              "timedOut": null,
              "duration": 634,
              "state": "passed",
              "speed": "fast",
              "pass": true,
              "fail": false,
              "pending": false,
              "context": null,
              "code": "_AuthPage.default.clickBackToLogin();\n// Check if the URL is now '/auth/login'\ncy.url().should('include', '/auth/login');",
              "err": {},
              "uuid": "0c2f9bf2-c273-444c-b8c4-3cf6e241d67d",
              "parentUUID": "05624fbf-b816-40da-94a6-2f2d28f69ca7",
              "isHook": false,
              "skipped": false
            },
            {
              "title": "should navigate to Register page when clicking \"Register\" link",
              "fullTitle": "Authentication Tests should navigate to Register page when clicking \"Register\" link",
              "timedOut": null,
              "duration": 637,
              "state": "passed",
              "speed": "fast",
              "pass": true,
              "fail": false,
              "pending": false,
              "context": null,
              "code": "_AuthPage.default.clickRegister();\n// Check if the URL is now '/auth/register'\ncy.url().should('include', '/auth/register');",
              "err": {},
              "uuid": "64938bbd-ccf8-4cb2-b21a-3904663e2221",
              "parentUUID": "05624fbf-b816-40da-94a6-2f2d28f69ca7",
              "isHook": false,
              "skipped": false
            }
          ],
          "suites": [],
          "passes": [
            "3e8a926d-c722-4b3a-b639-cde3532ce56e",
            "53217528-9594-4c55-90c3-638e767367f9",
            "0c2f9bf2-c273-444c-b8c4-3cf6e241d67d",
            "64938bbd-ccf8-4cb2-b21a-3904663e2221"
          ],
          "failures": [],
          "pending": [],
          "skipped": [],
          "duration": 4710,
          "root": false,
          "rootEmpty": false,
          "_timeout": 2000
        }
      ],
      "passes": [],
      "failures": [],
      "pending": [],
      "skipped": [],
      "duration": 0,
      "root": true,
      "rootEmpty": true,
      "_timeout": 2000
    }
  ],
  "meta": {
    "mocha": {
      "version": "7.0.1"
    },
    "mochawesome": {
      "options": {
        "quiet": false,
        "reportFilename": "mochawesome",
        "saveHtml": false,
        "saveJson": true,
        "consoleReporter": "spec",
        "useInlineDiffs": false,
        "code": true
      },
      "version": "7.1.3"
    },
    "marge": {
      "options": {
        "reportDir": "cypress/results",
        "overwrite": false,
        "html": false,
        "json": true
      },
      "version": "6.2.0"
    }
  }
}