{
  "stats": {
    "suites": 1,
    "tests": 4,
    "passes": 4,
    "pending": 0,
    "failures": 0,
    "start": "2023-10-15T13:22:07.122Z",
    "end": "2023-10-15T13:22:15.263Z",
    "duration": 8141,
    "testsRegistered": 4,
    "passPercent": 100,
    "pendingPercent": 0,
    "other": 0,
    "hasOther": false,
    "skipped": 0,
    "hasSkipped": false
  },
  "results": [
    {
      "uuid": "4b6c59ed-9bba-4e85-9343-d2d7ed8f3d00",
      "title": "",
      "fullFile": "cypress\\e2e\\page-object-tests\\login-page-tests.cy.js",
      "file": "cypress\\e2e\\page-object-tests\\login-page-tests.cy.js",
      "beforeHooks": [],
      "afterHooks": [],
      "tests": [],
      "suites": [
        {
          "uuid": "3d13a5a1-432c-4fd9-a4a8-bb22ed5ea854",
          "title": "Authentication Tests",
          "fullFile": "",
          "file": "",
          "beforeHooks": [],
          "afterHooks": [],
          "tests": [
            {
              "title": "should login successfully",
              "fullTitle": "Authentication Tests should login successfully",
              "timedOut": null,
              "duration": 5382,
              "state": "passed",
              "speed": "medium",
              "pass": true,
              "fail": false,
              "pending": false,
              "context": null,
              "code": "_AuthPage.default.enterEmail('email@example.com');\n_AuthPage.default.enterPassword('password');\n_AuthPage.default.clickLoginButton();\n// Check if the avatar is visible\n_AuthPage.default.checkAvatarVisibility();",
              "err": {},
              "uuid": "10440b6c-0cc1-4d55-86aa-e007dd82e459",
              "parentUUID": "3d13a5a1-432c-4fd9-a4a8-bb22ed5ea854",
              "isHook": false,
              "skipped": false
            },
            {
              "title": "should validate email and password fields with invalid data",
              "fullTitle": "Authentication Tests should validate email and password fields with invalid data",
              "timedOut": null,
              "duration": 1181,
              "state": "passed",
              "speed": "fast",
              "pass": true,
              "fail": false,
              "pending": false,
              "context": null,
              "code": "_AuthPage.default.enterEmail('q');\n_AuthPage.default.enterPassword('1');\ncy.get('#title').click(); // Just click somwhere to show password validation message\n// Check if validation error messages are visible\ncy.contains('Email should be the real one!').should('be.visible');\ncy.contains('Password should contain from 4 to 50 characters').should('be.visible');\n_AuthPage.default.checkLoginButtonDisabled();",
              "err": {},
              "uuid": "a3ff5125-b817-4864-af88-ec516755f9d2",
              "parentUUID": "3d13a5a1-432c-4fd9-a4a8-bb22ed5ea854",
              "isHook": false,
              "skipped": false
            },
            {
              "title": "should validate empty email, password, and repeat password fields",
              "fullTitle": "Authentication Tests should validate empty email, password, and repeat password fields",
              "timedOut": null,
              "duration": 938,
              "state": "passed",
              "speed": "fast",
              "pass": true,
              "fail": false,
              "pending": false,
              "context": null,
              "code": "_AuthPage.default.emptyEmailInput();\n_AuthPage.default.emptyPasswordInput();\ncy.get('#title').click(); // Just click somewhere to show validation messages\n// Check if validation error messages are visible\ncy.contains('Email is required!').should('be.visible');\ncy.contains('Password is required!').should('be.visible');\n_AuthPage.default.checkLoginButtonDisabled();",
              "err": {},
              "uuid": "246a8578-3d44-4014-831b-90961709456a",
              "parentUUID": "3d13a5a1-432c-4fd9-a4a8-bb22ed5ea854",
              "isHook": false,
              "skipped": false
            },
            {
              "title": "should disable the Login button by default",
              "fullTitle": "Authentication Tests should disable the Login button by default",
              "timedOut": null,
              "duration": 530,
              "state": "passed",
              "speed": "fast",
              "pass": true,
              "fail": false,
              "pending": false,
              "context": null,
              "code": "_AuthPage.default.checkLoginButtonDisabled();",
              "err": {},
              "uuid": "fb2ffd99-1ed5-4a63-b293-bb0ba39887d6",
              "parentUUID": "3d13a5a1-432c-4fd9-a4a8-bb22ed5ea854",
              "isHook": false,
              "skipped": false
            }
          ],
          "suites": [],
          "passes": [
            "10440b6c-0cc1-4d55-86aa-e007dd82e459",
            "a3ff5125-b817-4864-af88-ec516755f9d2",
            "246a8578-3d44-4014-831b-90961709456a",
            "fb2ffd99-1ed5-4a63-b293-bb0ba39887d6"
          ],
          "failures": [],
          "pending": [],
          "skipped": [],
          "duration": 8031,
          "root": false,
          "rootEmpty": false,
          "_timeout": 2000
        }
      ],
      "passes": [],
      "failures": [],
      "pending": [],
      "skipped": [],
      "duration": 0,
      "root": true,
      "rootEmpty": true,
      "_timeout": 2000
    }
  ],
  "meta": {
    "mocha": {
      "version": "7.0.1"
    },
    "mochawesome": {
      "options": {
        "quiet": false,
        "reportFilename": "mochawesome",
        "saveHtml": false,
        "saveJson": true,
        "consoleReporter": "spec",
        "useInlineDiffs": false,
        "code": true
      },
      "version": "7.1.3"
    },
    "marge": {
      "options": {
        "reportDir": "cypress/results",
        "overwrite": false,
        "html": false,
        "json": true
      },
      "version": "6.2.0"
    }
  }
}