{
  "stats": {
    "suites": 1,
    "tests": 1,
    "passes": 1,
    "pending": 0,
    "failures": 0,
    "start": "2023-10-15T12:33:46.058Z",
    "end": "2023-10-15T12:33:47.891Z",
    "duration": 1833,
    "testsRegistered": 1,
    "passPercent": 100,
    "pendingPercent": 0,
    "other": 0,
    "hasOther": false,
    "skipped": 0,
    "hasSkipped": false
  },
  "results": [
    {
      "uuid": "17934b4f-2f3d-479e-9753-fe46b4259183",
      "title": "",
      "fullFile": "cypress\\e2e\\page-object-tests\\datepicker-test.cy.js",
      "file": "cypress\\e2e\\page-object-tests\\datepicker-test.cy.js",
      "beforeHooks": [],
      "afterHooks": [],
      "tests": [],
      "suites": [
        {
          "uuid": "de7d635d-f57c-4575-a736-7b4f3ea580c5",
          "title": "Datepicker Tests",
          "fullFile": "",
          "file": "",
          "beforeHooks": [],
          "afterHooks": [],
          "tests": [
            {
              "title": "should open and select today from the datepicker",
              "fullTitle": "Datepicker Tests should open and select today from the datepicker",
              "timedOut": null,
              "duration": 1791,
              "state": "passed",
              "speed": "fast",
              "pass": true,
              "fail": false,
              "pending": false,
              "context": null,
              "code": "const moment = __webpack_require__(/*! moment */ \"./node_modules/moment/moment.js\");\nconst currentDate = moment().format('MMM D, YYYY');\ncy.visit('/');\n_DatePickerPage.default.selectFormsMenu();\n_DatePickerPage.default.selectDatepickerMenuItem();\n_DatePickerPage.default.openCalendar();\n_DatePickerPage.default.selectToday();\n// Check if the selected date is displayed in a specific field\ncy.get('input[placeholder=\"Form Picker\"]').should('have.value', currentDate);",
              "err": {},
              "uuid": "5a9044bb-7518-4351-bd6d-3f8419007944",
              "parentUUID": "de7d635d-f57c-4575-a736-7b4f3ea580c5",
              "isHook": false,
              "skipped": false
            }
          ],
          "suites": [],
          "passes": [
            "5a9044bb-7518-4351-bd6d-3f8419007944"
          ],
          "failures": [],
          "pending": [],
          "skipped": [],
          "duration": 1791,
          "root": false,
          "rootEmpty": false,
          "_timeout": 2000
        }
      ],
      "passes": [],
      "failures": [],
      "pending": [],
      "skipped": [],
      "duration": 0,
      "root": true,
      "rootEmpty": true,
      "_timeout": 2000
    }
  ],
  "meta": {
    "mocha": {
      "version": "7.0.1"
    },
    "mochawesome": {
      "options": {
        "quiet": false,
        "reportFilename": "mochawesome",
        "saveHtml": false,
        "saveJson": true,
        "consoleReporter": "spec",
        "useInlineDiffs": false,
        "code": true
      },
      "version": "7.1.3"
    },
    "marge": {
      "options": {
        "reportDir": "cypress/results",
        "overwrite": false,
        "html": false,
        "json": true
      },
      "version": "6.2.0"
    }
  }
}