{
  "stats": {
    "suites": 1,
    "tests": 4,
    "passes": 4,
    "pending": 0,
    "failures": 0,
    "start": "2023-10-15T12:33:30.276Z",
    "end": "2023-10-15T12:33:37.023Z",
    "duration": 6747,
    "testsRegistered": 4,
    "passPercent": 100,
    "pendingPercent": 0,
    "other": 0,
    "hasOther": false,
    "skipped": 0,
    "hasSkipped": false
  },
  "results": [
    {
      "uuid": "38361537-0dda-486a-8b11-58f75f6b330c",
      "title": "",
      "fullFile": "cypress\\e2e\\cypress-first-ui-tests.cy.ts",
      "file": "cypress\\e2e\\cypress-first-ui-tests.cy.ts",
      "beforeHooks": [],
      "afterHooks": [],
      "tests": [],
      "suites": [
        {
          "uuid": "70232c18-7782-4219-b533-9654bf5a1b80",
          "title": "Cypress first ui tests",
          "fullFile": "",
          "file": "",
          "beforeHooks": [],
          "afterHooks": [],
          "tests": [
            {
              "title": "Should validate colour and color text",
              "fullTitle": "Cypress first ui tests Should validate colour and color text",
              "timedOut": null,
              "duration": 1815,
              "state": "passed",
              "speed": "fast",
              "pass": true,
              "fail": false,
              "pending": false,
              "context": null,
              "code": "// Check for Light background color as it is default\ncy.checkBackgroundColor(colors.Light);\ncy.clickSelectButton();\n// Check for Dark background color\ncy.clickOptionByValueAndLabel(\"dark\", \"Dark\");\ncy.checkBackgroundColor(colors.Dark);\ncy.clickSelectButton();\n// Check for Cosmic background color\ncy.clickOptionByValueAndLabel(\"cosmic\", \"Cosmic\");\ncy.checkBackgroundColor(colors.Cosmic);\ncy.clickSelectButton();\n// Check for Corporate background color\ncy.clickOptionByValueAndLabel(\"corporate\", \"Corporate\");\ncy.checkBackgroundColor(colors.Corporate);\ncy.clickSelectButton();\n// Check for Light background color\ncy.clickOptionByValueAndLabel(\"default\", \"Light\");\ncy.checkBackgroundColor(colors.Light);",
              "err": {},
              "uuid": "b41db659-ca45-4901-8e23-5eee707cae0b",
              "parentUUID": "70232c18-7782-4219-b533-9654bf5a1b80",
              "isHook": false,
              "skipped": false
            },
            {
              "title": "Should check Products details text section is togglable",
              "fullTitle": "Cypress first ui tests Should check Products details text section is togglable",
              "timedOut": null,
              "duration": 1463,
              "state": "passed",
              "speed": "fast",
              "pass": true,
              "fail": false,
              "pending": false,
              "context": null,
              "code": "cy.contains(\"span.menu-title\", \"Layout\").click();\ncy.contains(\"span.menu-title\", \"Accordion\").click();\nconst textToCheck = \"A nebula is an interstellar cloud of dust\";\n// Check that the first section with text is initially hidden\ncy.get(\".item-body\").eq(0).contains(textToCheck).should(\"not.be.visible\");\n// Click the button to reveal the first section\ncy.contains(\"Toggle First Item\").click();\n// Check that the first section is now visible\ncy.get(\".item-body\").eq(0).contains(textToCheck).should(\"be.visible\");",
              "err": {},
              "uuid": "20f6f3f6-821d-497f-b933-7b02bc7d001c",
              "parentUUID": "70232c18-7782-4219-b533-9654bf5a1b80",
              "isHook": false,
              "skipped": false
            },
            {
              "title": "Should check popover",
              "fullTitle": "Cypress first ui tests Should check popover",
              "timedOut": null,
              "duration": 1637,
              "state": "passed",
              "speed": "fast",
              "pass": true,
              "fail": false,
              "pending": false,
              "context": null,
              "code": "cy.contains(\"span.menu-title\", \"Modal & Overlays\").click();\ncy.contains(\"span.menu-title\", \"Popover\").click();\ncy.contains(\"Right\").trigger(\"mouseenter\");\ncy.contains(\".primitive-overlay\", \"Hello, how are you today?\").should(\"be.visible\");",
              "err": {},
              "uuid": "889626b3-5a2c-465a-b6be-7d8acc17f534",
              "parentUUID": "70232c18-7782-4219-b533-9654bf5a1b80",
              "isHook": false,
              "skipped": false
            },
            {
              "title": "Should show name in Return Result From Dialog",
              "fullTitle": "Cypress first ui tests Should show name in Return Result From Dialog",
              "timedOut": null,
              "duration": 1707,
              "state": "passed",
              "speed": "fast",
              "pass": true,
              "fail": false,
              "pending": false,
              "context": null,
              "code": "let myName = \"Dmytro\";\ncy.contains(\"span.menu-title\", \"Modal & Overlays\").click();\ncy.contains(\"span.menu-title\", \"Dialog\").click();\ncy.contains(\"Enter Name\").click();\ncy.get('[nbinput][placeholder=\"Name\"]').type(myName);\ncy.contains(\"Submit\").should(\"be.visible\").click();\ncy.get(\".result-from-dialog\")\n    .find(\".ng-star-inserted\")\n    .should(\"have.text\", myName);",
              "err": {},
              "uuid": "85ab66c4-74a5-40b7-8b2a-5cdcd19f2a0c",
              "parentUUID": "70232c18-7782-4219-b533-9654bf5a1b80",
              "isHook": false,
              "skipped": false
            }
          ],
          "suites": [],
          "passes": [
            "b41db659-ca45-4901-8e23-5eee707cae0b",
            "20f6f3f6-821d-497f-b933-7b02bc7d001c",
            "889626b3-5a2c-465a-b6be-7d8acc17f534",
            "85ab66c4-74a5-40b7-8b2a-5cdcd19f2a0c"
          ],
          "failures": [],
          "pending": [],
          "skipped": [],
          "duration": 6622,
          "root": false,
          "rootEmpty": false,
          "_timeout": 2000
        }
      ],
      "passes": [],
      "failures": [],
      "pending": [],
      "skipped": [],
      "duration": 0,
      "root": true,
      "rootEmpty": true,
      "_timeout": 2000
    }
  ],
  "meta": {
    "mocha": {
      "version": "7.0.1"
    },
    "mochawesome": {
      "options": {
        "quiet": false,
        "reportFilename": "mochawesome",
        "saveHtml": false,
        "saveJson": true,
        "consoleReporter": "spec",
        "useInlineDiffs": false,
        "code": true
      },
      "version": "7.1.3"
    },
    "marge": {
      "options": {
        "reportDir": "cypress/results",
        "overwrite": false,
        "html": false,
        "json": true
      },
      "version": "6.2.0"
    }
  }
}