{
  "stats": {
    "suites": 1,
    "tests": 4,
    "passes": 4,
    "pending": 0,
    "failures": 0,
    "start": "2023-10-29T09:15:46.815Z",
    "end": "2023-10-29T09:15:53.577Z",
    "duration": 6762,
    "testsRegistered": 4,
    "passPercent": 100,
    "pendingPercent": 0,
    "other": 0,
    "hasOther": false,
    "skipped": 0,
    "hasSkipped": false
  },
  "results": [
    {
      "uuid": "48952937-7947-439d-81bf-914fa9c81128",
      "title": "",
      "fullFile": "cypress\\e2e\\cypress-first-ui-tests.cy.ts",
      "file": "cypress\\e2e\\cypress-first-ui-tests.cy.ts",
      "beforeHooks": [],
      "afterHooks": [],
      "tests": [],
      "suites": [
        {
          "uuid": "72180960-3e99-45d6-9b88-9d1d533dbcc3",
          "title": "Cypress first ui tests",
          "fullFile": "",
          "file": "",
          "beforeHooks": [],
          "afterHooks": [],
          "tests": [
            {
              "title": "Should validate colour and color text",
              "fullTitle": "Cypress first ui tests Should validate colour and color text",
              "timedOut": null,
              "duration": 1782,
              "state": "passed",
              "speed": "fast",
              "pass": true,
              "fail": false,
              "pending": false,
              "context": null,
              "code": "// Check for Light background color as it is default\ncy.checkBackgroundColor(colors.Light);\ncy.clickSelectButton();\n// Check for Dark background color\ncy.clickOptionByValueAndLabel(\"dark\", \"Dark\");\ncy.checkBackgroundColor(colors.Dark);\ncy.clickSelectButton();\n// Check for Cosmic background color\ncy.clickOptionByValueAndLabel(\"cosmic\", \"Cosmic\");\ncy.checkBackgroundColor(colors.Cosmic);\ncy.clickSelectButton();\n// Check for Corporate background color\ncy.clickOptionByValueAndLabel(\"corporate\", \"Corporate\");\ncy.checkBackgroundColor(colors.Corporate);\ncy.clickSelectButton();\n// Check for Light background color\ncy.clickOptionByValueAndLabel(\"default\", \"Light\");\ncy.checkBackgroundColor(colors.Light);",
              "err": {},
              "uuid": "9dea7c77-5f94-4bc9-ac44-d971b9325ae7",
              "parentUUID": "72180960-3e99-45d6-9b88-9d1d533dbcc3",
              "isHook": false,
              "skipped": false
            },
            {
              "title": "Should check Products details text section is togglable",
              "fullTitle": "Cypress first ui tests Should check Products details text section is togglable",
              "timedOut": null,
              "duration": 1483,
              "state": "passed",
              "speed": "fast",
              "pass": true,
              "fail": false,
              "pending": false,
              "context": null,
              "code": "cy.contains(\"span.menu-title\", \"Layout\").click();\ncy.contains(\"span.menu-title\", \"Accordion\").click();\nconst textToCheck = \"A nebula is an interstellar cloud of dust\";\n// Check that the first section with text is initially hidden\ncy.get(\".item-body\").eq(0).contains(textToCheck).should(\"not.be.visible\");\n// Click the button to reveal the first section\ncy.contains(\"Toggle First Item\").click();\n// Check that the first section is now visible\ncy.get(\".item-body\").eq(0).contains(textToCheck).should(\"be.visible\");",
              "err": {},
              "uuid": "21479960-c353-4a43-9e38-f931f218950b",
              "parentUUID": "72180960-3e99-45d6-9b88-9d1d533dbcc3",
              "isHook": false,
              "skipped": false
            },
            {
              "title": "Should check popover",
              "fullTitle": "Cypress first ui tests Should check popover",
              "timedOut": null,
              "duration": 1647,
              "state": "passed",
              "speed": "fast",
              "pass": true,
              "fail": false,
              "pending": false,
              "context": null,
              "code": "cy.contains(\"span.menu-title\", \"Modal & Overlays\").click();\ncy.contains(\"span.menu-title\", \"Popover\").click();\ncy.contains(\"Right\").trigger(\"mouseenter\");\ncy.contains(\".primitive-overlay\", \"Hello, how are you today?\").should(\"be.visible\");",
              "err": {},
              "uuid": "395d7b58-b68c-4398-8a3b-767c86a4bb84",
              "parentUUID": "72180960-3e99-45d6-9b88-9d1d533dbcc3",
              "isHook": false,
              "skipped": false
            },
            {
              "title": "Should show name in Return Result From Dialog",
              "fullTitle": "Cypress first ui tests Should show name in Return Result From Dialog",
              "timedOut": null,
              "duration": 1714,
              "state": "passed",
              "speed": "fast",
              "pass": true,
              "fail": false,
              "pending": false,
              "context": null,
              "code": "let myName = \"Dmytro\";\ncy.contains(\"span.menu-title\", \"Modal & Overlays\").click();\ncy.contains(\"span.menu-title\", \"Dialog\").click();\ncy.contains(\"Enter Name\").click();\ncy.get('[nbinput][placeholder=\"Name\"]').type(myName);\ncy.contains(\"Submit\").should(\"be.visible\").click();\ncy.get(\".result-from-dialog\")\n    .find(\".ng-star-inserted\")\n    .should(\"have.text\", myName);",
              "err": {},
              "uuid": "2eda14c0-2c82-4b65-b919-df75129657f9",
              "parentUUID": "72180960-3e99-45d6-9b88-9d1d533dbcc3",
              "isHook": false,
              "skipped": false
            }
          ],
          "suites": [],
          "passes": [
            "9dea7c77-5f94-4bc9-ac44-d971b9325ae7",
            "21479960-c353-4a43-9e38-f931f218950b",
            "395d7b58-b68c-4398-8a3b-767c86a4bb84",
            "2eda14c0-2c82-4b65-b919-df75129657f9"
          ],
          "failures": [],
          "pending": [],
          "skipped": [],
          "duration": 6626,
          "root": false,
          "rootEmpty": false,
          "_timeout": 2000
        }
      ],
      "passes": [],
      "failures": [],
      "pending": [],
      "skipped": [],
      "duration": 0,
      "root": true,
      "rootEmpty": true,
      "_timeout": 2000
    }
  ],
  "meta": {
    "mocha": {
      "version": "7.0.1"
    },
    "mochawesome": {
      "options": {
        "quiet": false,
        "reportFilename": "mochawesome",
        "saveHtml": false,
        "saveJson": true,
        "consoleReporter": "spec",
        "useInlineDiffs": false,
        "code": true
      },
      "version": "7.1.3"
    },
    "marge": {
      "options": {
        "reportDir": "cypress/results",
        "overwrite": false,
        "html": false,
        "json": true
      },
      "version": "6.2.0"
    }
  }
}