{
  "stats": {
    "suites": 1,
    "tests": 4,
    "passes": 4,
    "pending": 0,
    "failures": 0,
    "start": "2023-10-15T13:22:16.628Z",
    "end": "2023-10-15T13:22:27.112Z",
    "duration": 10484,
    "testsRegistered": 4,
    "passPercent": 100,
    "pendingPercent": 0,
    "other": 0,
    "hasOther": false,
    "skipped": 0,
    "hasSkipped": false
  },
  "results": [
    {
      "uuid": "f29e6762-634f-45c3-92d8-c81845ae7315",
      "title": "",
      "fullFile": "cypress\\e2e\\page-object-tests\\register-page-tests.cy.js",
      "file": "cypress\\e2e\\page-object-tests\\register-page-tests.cy.js",
      "beforeHooks": [],
      "afterHooks": [],
      "tests": [],
      "suites": [
        {
          "uuid": "1525e53a-c67c-444f-891a-1b94e5df31fb",
          "title": "Authentication Tests",
          "fullFile": "",
          "file": "",
          "beforeHooks": [],
          "afterHooks": [],
          "tests": [
            {
              "title": "should register successfully",
              "fullTitle": "Authentication Tests should register successfully",
              "timedOut": null,
              "duration": 6015,
              "state": "passed",
              "speed": "medium",
              "pass": true,
              "fail": false,
              "pending": false,
              "context": null,
              "code": "_AuthPage.default.enterFullName('Dmytro');\n_AuthPage.default.enterEmail('email@example.com');\n_AuthPage.default.enterPassword('password');\n_AuthPage.default.enterRepeatPassword('password');\n_AuthPage.default.checkAgreeWithTerms();\n_AuthPage.default.clickLoginButton();\n_AuthPage.default.checkAvatarVisibility();",
              "err": {},
              "uuid": "e82a6bd2-21f1-414e-b910-93c9ff531969",
              "parentUUID": "1525e53a-c67c-444f-891a-1b94e5df31fb",
              "isHook": false,
              "skipped": false
            },
            {
              "title": "should validate all fields with invalid data",
              "fullTitle": "Authentication Tests should validate all fields with invalid data",
              "timedOut": null,
              "duration": 1665,
              "state": "passed",
              "speed": "fast",
              "pass": true,
              "fail": false,
              "pending": false,
              "context": null,
              "code": "_AuthPage.default.enterFullName('D');\n// Check if validation error messages are visible\ncy.contains('Full name should contains from 4 to 50 characters').should('be.visible');\n_AuthPage.default.enterEmail('q');\n_AuthPage.default.enterPassword('1');\ncy.get('#title').click(); // Just click somwhere to show password validation message\n// Check if validation error messages are visible\ncy.contains('Email should be the real one!').should('be.visible');\ncy.contains('Password should contain from 4 to 50 characters').should('be.visible');\n_AuthPage.default.enterRepeatPassword('123456789');\n// Check if border is red (Можна для кожної рамки таке напихати, але суть та сама)\ncy.get('#input-re-password').should('have.class', 'status-danger');",
              "err": {},
              "uuid": "24d68960-1d84-41fa-b0be-4c5db7fbcc10",
              "parentUUID": "1525e53a-c67c-444f-891a-1b94e5df31fb",
              "isHook": false,
              "skipped": false
            },
            {
              "title": "should validate empty email, password, and repeat password fields",
              "fullTitle": "Authentication Tests should validate empty email, password, and repeat password fields",
              "timedOut": null,
              "duration": 1033,
              "state": "passed",
              "speed": "fast",
              "pass": true,
              "fail": false,
              "pending": false,
              "context": null,
              "code": "_AuthPage.default.emptyEmailInput();\n_AuthPage.default.emptyPasswordInput();\n_AuthPage.default.emptyRepeatPasswordInput();\ncy.get('#title').click(); // Just click somewhere to show validation messages\ncy.contains('Email is required!').should('be.visible');\ncy.contains('Password is required!').should('be.visible');\ncy.contains('Password confirmation is required!').should('be.visible');",
              "err": {},
              "uuid": "746dfbf4-6af6-4373-bf73-3dab1e90de49",
              "parentUUID": "1525e53a-c67c-444f-891a-1b94e5df31fb",
              "isHook": false,
              "skipped": false
            },
            {
              "title": "should disable the Register button without agreement",
              "fullTitle": "Authentication Tests should disable the Register button without agreement",
              "timedOut": null,
              "duration": 1655,
              "state": "passed",
              "speed": "fast",
              "pass": true,
              "fail": false,
              "pending": false,
              "context": null,
              "code": "_AuthPage.default.enterFullName('Dmytro');\n_AuthPage.default.enterEmail('email@example.com');\n_AuthPage.default.enterPassword('password');\n_AuthPage.default.enterRepeatPassword('password');\n_AuthPage.default.checkLoginButtonDisabled();",
              "err": {},
              "uuid": "645efdda-b8a0-49a9-bb3b-931816d4790b",
              "parentUUID": "1525e53a-c67c-444f-891a-1b94e5df31fb",
              "isHook": false,
              "skipped": false
            }
          ],
          "suites": [],
          "passes": [
            "e82a6bd2-21f1-414e-b910-93c9ff531969",
            "24d68960-1d84-41fa-b0be-4c5db7fbcc10",
            "746dfbf4-6af6-4373-bf73-3dab1e90de49",
            "645efdda-b8a0-49a9-bb3b-931816d4790b"
          ],
          "failures": [],
          "pending": [],
          "skipped": [],
          "duration": 10368,
          "root": false,
          "rootEmpty": false,
          "_timeout": 2000
        }
      ],
      "passes": [],
      "failures": [],
      "pending": [],
      "skipped": [],
      "duration": 0,
      "root": true,
      "rootEmpty": true,
      "_timeout": 2000
    }
  ],
  "meta": {
    "mocha": {
      "version": "7.0.1"
    },
    "mochawesome": {
      "options": {
        "quiet": false,
        "reportFilename": "mochawesome",
        "saveHtml": false,
        "saveJson": true,
        "consoleReporter": "spec",
        "useInlineDiffs": false,
        "code": true
      },
      "version": "7.1.3"
    },
    "marge": {
      "options": {
        "reportDir": "cypress/results",
        "overwrite": false,
        "html": false,
        "json": true
      },
      "version": "6.2.0"
    }
  }
}