{
  "stats": {
    "suites": 1,
    "tests": 4,
    "passes": 4,
    "pending": 0,
    "failures": 0,
    "start": "2023-10-15T12:33:54.363Z",
    "end": "2023-10-15T12:34:02.513Z",
    "duration": 8150,
    "testsRegistered": 4,
    "passPercent": 100,
    "pendingPercent": 0,
    "other": 0,
    "hasOther": false,
    "skipped": 0,
    "hasSkipped": false
  },
  "results": [
    {
      "uuid": "b4133253-fb03-496e-84df-560396c42e54",
      "title": "",
      "fullFile": "cypress\\e2e\\page-object-tests\\login-page-tests.cy.js",
      "file": "cypress\\e2e\\page-object-tests\\login-page-tests.cy.js",
      "beforeHooks": [],
      "afterHooks": [],
      "tests": [],
      "suites": [
        {
          "uuid": "9a983da7-d5da-46ba-8f0a-285ebec08d60",
          "title": "Authentication Tests",
          "fullFile": "",
          "file": "",
          "beforeHooks": [],
          "afterHooks": [],
          "tests": [
            {
              "title": "should login successfully",
              "fullTitle": "Authentication Tests should login successfully",
              "timedOut": null,
              "duration": 5481,
              "state": "passed",
              "speed": "medium",
              "pass": true,
              "fail": false,
              "pending": false,
              "context": null,
              "code": "_AuthPage.default.enterEmail('email@example.com');\n_AuthPage.default.enterPassword('password');\n_AuthPage.default.clickLoginButton();\n// Check if the avatar is visible\n_AuthPage.default.checkAvatarVisibility();",
              "err": {},
              "uuid": "cc9ea3ee-7ea7-4f1e-bb03-706619748371",
              "parentUUID": "9a983da7-d5da-46ba-8f0a-285ebec08d60",
              "isHook": false,
              "skipped": false
            },
            {
              "title": "should validate email and password fields with invalid data",
              "fullTitle": "Authentication Tests should validate email and password fields with invalid data",
              "timedOut": null,
              "duration": 1123,
              "state": "passed",
              "speed": "fast",
              "pass": true,
              "fail": false,
              "pending": false,
              "context": null,
              "code": "_AuthPage.default.enterEmail('q');\n_AuthPage.default.enterPassword('1');\ncy.get('#title').click(); // Just click somwhere to show password validation message\n// Check if validation error messages are visible\ncy.contains('Email should be the real one!').should('be.visible');\ncy.contains('Password should contain from 4 to 50 characters').should('be.visible');\n_AuthPage.default.checkLoginButtonDisabled();",
              "err": {},
              "uuid": "f2000a9b-1798-4e1f-b4cc-5199be3bec03",
              "parentUUID": "9a983da7-d5da-46ba-8f0a-285ebec08d60",
              "isHook": false,
              "skipped": false
            },
            {
              "title": "should validate empty email, password, and repeat password fields",
              "fullTitle": "Authentication Tests should validate empty email, password, and repeat password fields",
              "timedOut": null,
              "duration": 909,
              "state": "passed",
              "speed": "fast",
              "pass": true,
              "fail": false,
              "pending": false,
              "context": null,
              "code": "_AuthPage.default.emptyEmailInput();\n_AuthPage.default.emptyPasswordInput();\ncy.get('#title').click(); // Just click somewhere to show validation messages\n// Check if validation error messages are visible\ncy.contains('Email is required!').should('be.visible');\ncy.contains('Password is required!').should('be.visible');\n_AuthPage.default.checkLoginButtonDisabled();",
              "err": {},
              "uuid": "560cb479-3a3a-4d84-9d1e-d3983cba83a1",
              "parentUUID": "9a983da7-d5da-46ba-8f0a-285ebec08d60",
              "isHook": false,
              "skipped": false
            },
            {
              "title": "should disable the Login button by default",
              "fullTitle": "Authentication Tests should disable the Login button by default",
              "timedOut": null,
              "duration": 530,
              "state": "passed",
              "speed": "fast",
              "pass": true,
              "fail": false,
              "pending": false,
              "context": null,
              "code": "_AuthPage.default.checkLoginButtonDisabled();",
              "err": {},
              "uuid": "1dffe594-7a31-4dd5-8871-50338a268f69",
              "parentUUID": "9a983da7-d5da-46ba-8f0a-285ebec08d60",
              "isHook": false,
              "skipped": false
            }
          ],
          "suites": [],
          "passes": [
            "cc9ea3ee-7ea7-4f1e-bb03-706619748371",
            "f2000a9b-1798-4e1f-b4cc-5199be3bec03",
            "560cb479-3a3a-4d84-9d1e-d3983cba83a1",
            "1dffe594-7a31-4dd5-8871-50338a268f69"
          ],
          "failures": [],
          "pending": [],
          "skipped": [],
          "duration": 8043,
          "root": false,
          "rootEmpty": false,
          "_timeout": 2000
        }
      ],
      "passes": [],
      "failures": [],
      "pending": [],
      "skipped": [],
      "duration": 0,
      "root": true,
      "rootEmpty": true,
      "_timeout": 2000
    }
  ],
  "meta": {
    "mocha": {
      "version": "7.0.1"
    },
    "mochawesome": {
      "options": {
        "quiet": false,
        "reportFilename": "mochawesome",
        "saveHtml": false,
        "saveJson": true,
        "consoleReporter": "spec",
        "useInlineDiffs": false,
        "code": true
      },
      "version": "7.1.3"
    },
    "marge": {
      "options": {
        "reportDir": "cypress/results",
        "overwrite": false,
        "html": false,
        "json": true
      },
      "version": "6.2.0"
    }
  }
}