{
  "stats": {
    "suites": 1,
    "tests": 4,
    "passes": 4,
    "pending": 0,
    "failures": 0,
    "start": "2023-10-29T09:43:31.740Z",
    "end": "2023-10-29T09:43:42.276Z",
    "duration": 10536,
    "testsRegistered": 4,
    "passPercent": 100,
    "pendingPercent": 0,
    "other": 0,
    "hasOther": false,
    "skipped": 0,
    "hasSkipped": false
  },
  "results": [
    {
      "uuid": "c845fa39-a9ab-4331-a263-1f10bb23144a",
      "title": "",
      "fullFile": "cypress\\e2e\\page-object-tests\\register-page-tests.cy.js",
      "file": "cypress\\e2e\\page-object-tests\\register-page-tests.cy.js",
      "beforeHooks": [],
      "afterHooks": [],
      "tests": [],
      "suites": [
        {
          "uuid": "834ae9bf-377b-4d93-a1a9-f81c63f77671",
          "title": "Authentication Tests",
          "fullFile": "",
          "file": "",
          "beforeHooks": [],
          "afterHooks": [],
          "tests": [
            {
              "title": "should register successfully",
              "fullTitle": "Authentication Tests should register successfully",
              "timedOut": null,
              "duration": 6025,
              "state": "passed",
              "speed": "medium",
              "pass": true,
              "fail": false,
              "pending": false,
              "context": null,
              "code": "_AuthPage.default.enterFullName('Dmytro');\n_AuthPage.default.enterEmail('email@example.com');\n_AuthPage.default.enterPassword('password');\n_AuthPage.default.enterRepeatPassword('password');\n_AuthPage.default.checkAgreeWithTerms();\n_AuthPage.default.clickLoginButton();\n_AuthPage.default.checkAvatarVisibility();",
              "err": {},
              "uuid": "305383a3-7b11-428f-b0c8-e39ce5d18319",
              "parentUUID": "834ae9bf-377b-4d93-a1a9-f81c63f77671",
              "isHook": false,
              "skipped": false
            },
            {
              "title": "should validate all fields with invalid data",
              "fullTitle": "Authentication Tests should validate all fields with invalid data",
              "timedOut": null,
              "duration": 1665,
              "state": "passed",
              "speed": "fast",
              "pass": true,
              "fail": false,
              "pending": false,
              "context": null,
              "code": "_AuthPage.default.enterFullName('D');\n// Check if validation error messages are visible\ncy.contains('Full name should contains from 4 to 50 characters').should('be.visible');\n_AuthPage.default.enterEmail('q');\n_AuthPage.default.enterPassword('1');\ncy.get('#title').click(); // Just click somwhere to show password validation message\n// Check if validation error messages are visible\ncy.contains('Email should be the real one!').should('be.visible');\ncy.contains('Password should contain from 4 to 50 characters').should('be.visible');\n_AuthPage.default.enterRepeatPassword('123456789');\n// Check if border is red (Можна для кожної рамки таке напихати, але суть та сама)\ncy.get('#input-re-password').should('have.class', 'status-danger');",
              "err": {},
              "uuid": "91c378a8-eab1-4679-885a-3ad1f6f59072",
              "parentUUID": "834ae9bf-377b-4d93-a1a9-f81c63f77671",
              "isHook": false,
              "skipped": false
            },
            {
              "title": "should validate empty email, password, and repeat password fields",
              "fullTitle": "Authentication Tests should validate empty email, password, and repeat password fields",
              "timedOut": null,
              "duration": 1074,
              "state": "passed",
              "speed": "fast",
              "pass": true,
              "fail": false,
              "pending": false,
              "context": null,
              "code": "_AuthPage.default.emptyEmailInput();\n_AuthPage.default.emptyPasswordInput();\n_AuthPage.default.emptyRepeatPasswordInput();\ncy.get('#title').click(); // Just click somewhere to show validation messages\ncy.contains('Email is required!').should('be.visible');\ncy.contains('Password is required!').should('be.visible');\ncy.contains('Password confirmation is required!').should('be.visible');",
              "err": {},
              "uuid": "0c1cffc9-f06b-4a95-bb96-e268ed3fda1a",
              "parentUUID": "834ae9bf-377b-4d93-a1a9-f81c63f77671",
              "isHook": false,
              "skipped": false
            },
            {
              "title": "should disable the Register button without agreement",
              "fullTitle": "Authentication Tests should disable the Register button without agreement",
              "timedOut": null,
              "duration": 1663,
              "state": "passed",
              "speed": "fast",
              "pass": true,
              "fail": false,
              "pending": false,
              "context": null,
              "code": "_AuthPage.default.enterFullName('Dmytro');\n_AuthPage.default.enterEmail('email@example.com');\n_AuthPage.default.enterPassword('password');\n_AuthPage.default.enterRepeatPassword('password');\n_AuthPage.default.checkLoginButtonDisabled();",
              "err": {},
              "uuid": "ef6a7170-3b4a-41c4-a79c-e9f884f6bf4a",
              "parentUUID": "834ae9bf-377b-4d93-a1a9-f81c63f77671",
              "isHook": false,
              "skipped": false
            }
          ],
          "suites": [],
          "passes": [
            "305383a3-7b11-428f-b0c8-e39ce5d18319",
            "91c378a8-eab1-4679-885a-3ad1f6f59072",
            "0c1cffc9-f06b-4a95-bb96-e268ed3fda1a",
            "ef6a7170-3b4a-41c4-a79c-e9f884f6bf4a"
          ],
          "failures": [],
          "pending": [],
          "skipped": [],
          "duration": 10427,
          "root": false,
          "rootEmpty": false,
          "_timeout": 2000
        }
      ],
      "passes": [],
      "failures": [],
      "pending": [],
      "skipped": [],
      "duration": 0,
      "root": true,
      "rootEmpty": true,
      "_timeout": 2000
    }
  ],
  "meta": {
    "mocha": {
      "version": "7.0.1"
    },
    "mochawesome": {
      "options": {
        "quiet": false,
        "reportFilename": "mochawesome",
        "saveHtml": false,
        "saveJson": true,
        "consoleReporter": "spec",
        "useInlineDiffs": false,
        "code": true
      },
      "version": "7.1.3"
    },
    "marge": {
      "options": {
        "reportDir": "cypress/results",
        "overwrite": false,
        "html": false,
        "json": true
      },
      "version": "6.2.0"
    }
  }
}