{
  "stats": {
    "suites": 1,
    "tests": 4,
    "passes": 4,
    "pending": 0,
    "failures": 0,
    "start": "2023-10-29T09:43:17.208Z",
    "end": "2023-10-29T09:43:21.049Z",
    "duration": 3841,
    "testsRegistered": 4,
    "passPercent": 100,
    "pendingPercent": 0,
    "other": 0,
    "hasOther": false,
    "skipped": 0,
    "hasSkipped": false
  },
  "results": [
    {
      "uuid": "da997247-a413-4ea2-bbf9-e6a7e51ba6c7",
      "title": "",
      "fullFile": "cypress\\e2e\\page-object-tests\\forgot-password-tests.cy.js",
      "file": "cypress\\e2e\\page-object-tests\\forgot-password-tests.cy.js",
      "beforeHooks": [],
      "afterHooks": [],
      "tests": [],
      "suites": [
        {
          "uuid": "9708a319-2dbe-4b06-8388-c8adcbbabf35",
          "title": "Authentication Tests",
          "fullFile": "",
          "file": "",
          "beforeHooks": [],
          "afterHooks": [],
          "tests": [
            {
              "title": "should check REquest password enabled with valid email",
              "fullTitle": "Authentication Tests should check REquest password enabled with valid email",
              "timedOut": null,
              "duration": 1537,
              "state": "passed",
              "speed": "fast",
              "pass": true,
              "fail": false,
              "pending": false,
              "context": null,
              "code": "_AuthPage.default.enterEmail('email@example.com');\n_AuthPage.default.checkLoginButtonEnabled();",
              "err": {},
              "uuid": "c34e8d5d-e24f-43af-becc-9a0a0c6a351e",
              "parentUUID": "9708a319-2dbe-4b06-8388-c8adcbbabf35",
              "isHook": false,
              "skipped": false
            },
            {
              "title": "should check REquest password disbled and validation message with invalid email",
              "fullTitle": "Authentication Tests should check REquest password disbled and validation message with invalid email",
              "timedOut": null,
              "duration": 945,
              "state": "passed",
              "speed": "fast",
              "pass": true,
              "fail": false,
              "pending": false,
              "context": null,
              "code": "_AuthPage.default.enterEmail('e');\ncy.get('#title').click(); // Just click somwhere to show password validation message\n// Check if validation error messages are visible\ncy.contains('Email should be the real one!').should('be.visible');\n_AuthPage.default.checkLoginButtonDisabled();",
              "err": {},
              "uuid": "9ab3ab40-1a8d-4ccc-b86f-0ade153f5390",
              "parentUUID": "9708a319-2dbe-4b06-8388-c8adcbbabf35",
              "isHook": false,
              "skipped": false
            },
            {
              "title": "should navigate to Login page when clicking \"Back to Log In\" link",
              "fullTitle": "Authentication Tests should navigate to Login page when clicking \"Back to Log In\" link",
              "timedOut": null,
              "duration": 629,
              "state": "passed",
              "speed": "fast",
              "pass": true,
              "fail": false,
              "pending": false,
              "context": null,
              "code": "_AuthPage.default.clickBackToLogin();\n// Check if the URL is now '/auth/login'\ncy.url().should('include', '/auth/login');",
              "err": {},
              "uuid": "e68f3812-1c03-4a11-aed3-e2f80d0c0172",
              "parentUUID": "9708a319-2dbe-4b06-8388-c8adcbbabf35",
              "isHook": false,
              "skipped": false
            },
            {
              "title": "should navigate to Register page when clicking \"Register\" link",
              "fullTitle": "Authentication Tests should navigate to Register page when clicking \"Register\" link",
              "timedOut": null,
              "duration": 628,
              "state": "passed",
              "speed": "fast",
              "pass": true,
              "fail": false,
              "pending": false,
              "context": null,
              "code": "_AuthPage.default.clickRegister();\n// Check if the URL is now '/auth/register'\ncy.url().should('include', '/auth/register');",
              "err": {},
              "uuid": "2b8df7db-012c-4fb9-bb56-36b43d445de7",
              "parentUUID": "9708a319-2dbe-4b06-8388-c8adcbbabf35",
              "isHook": false,
              "skipped": false
            }
          ],
          "suites": [],
          "passes": [
            "c34e8d5d-e24f-43af-becc-9a0a0c6a351e",
            "9ab3ab40-1a8d-4ccc-b86f-0ade153f5390",
            "e68f3812-1c03-4a11-aed3-e2f80d0c0172",
            "2b8df7db-012c-4fb9-bb56-36b43d445de7"
          ],
          "failures": [],
          "pending": [],
          "skipped": [],
          "duration": 3739,
          "root": false,
          "rootEmpty": false,
          "_timeout": 2000
        }
      ],
      "passes": [],
      "failures": [],
      "pending": [],
      "skipped": [],
      "duration": 0,
      "root": true,
      "rootEmpty": true,
      "_timeout": 2000
    }
  ],
  "meta": {
    "mocha": {
      "version": "7.0.1"
    },
    "mochawesome": {
      "options": {
        "quiet": false,
        "reportFilename": "mochawesome",
        "saveHtml": false,
        "saveJson": true,
        "consoleReporter": "spec",
        "useInlineDiffs": false,
        "code": true
      },
      "version": "7.1.3"
    },
    "marge": {
      "options": {
        "reportDir": "cypress/results",
        "overwrite": false,
        "html": false,
        "json": true
      },
      "version": "6.2.0"
    }
  }
}